Starting Massive Dataset Generation...
Generating puzzle size 5x5 with 5 colors...
Generated 5x5 in 0.04s - Difficulty: 225
Generating puzzle size 5x5 with 6 colors...
Generated 5x5 in 0.01s - Difficulty: 180
Generating puzzle size 5x5 with 5 colors...
Generated 5x5 in 0.02s - Difficulty: 150
Generating puzzle size 5x5 with 4 colors...
Generated 5x5 in 0.03s - Difficulty: 120
Generating puzzle size 5x5 with 3 colors...
Generated 5x5 in 0.37s - Difficulty: 75
Generating puzzle size 5x5 with 6 colors...
Generated 5x5 in 0.01s - Difficulty: 240
Generating puzzle size 5x5 with 5 colors...
Generated 5x5 in 0.05s - Difficulty: 125
Generating puzzle size 5x5 with 5 colors...
Generated 5x5 in 0.01s - Difficulty: 150
Generating puzzle size 5x5 with 4 colors...
Generated 5x5 in 0.07s - Difficulty: 160
Generating puzzle size 5x5 with 3 colors...
Generated 5x5 in 0.06s - Difficulty: 105
Generating puzzle size 5x5 with 4 colors...
Generated 5x5 in 0.05s - Difficulty: 120
Generating puzzle size 5x5 with 3 colors...
Generated 5x5 in 0.09s - Difficulty: 150
Generating puzzle size 5x5 with 6 colors...
Generated 5x5 in 0.01s - Difficulty: 270
Generating puzzle size 5x5 with 3 colors...
Generated 5x5 in 0.43s - Difficulty: 105
Generating puzzle size 5x5 with 5 colors...
Generated 5x5 in 0.01s - Difficulty: 100
Generating puzzle size 5x5 with 6 colors...
Generated 5x5 in 0.03s - Difficulty: 60
Generating puzzle size 5x5 with 3 colors...
Generated 5x5 in 0.59s - Difficulty: 105
Generating puzzle size 5x5 with 5 colors...
Generated 5x5 in 0.02s - Difficulty: 100
Generating puzzle size 5x5 with 3 colors...
Generated 5x5 in 0.75s - Difficulty: 105
Generating puzzle size 5x5 with 5 colors...
Generated 5x5 in 0.02s - Difficulty: 250
Generating puzzle size 5x5 with 5 colors...
Generated 5x5 in 0.08s - Difficulty: 175
Generating puzzle size 5x5 with 3 colors...
Generated 5x5 in 0.06s - Difficulty: 120
Generating puzzle size 5x5 with 4 colors...
Generated 5x5 in 0.02s - Difficulty: 140
Generating puzzle size 5x5 with 4 colors...
Generated 5x5 in 0.01s - Difficulty: 200
Generating puzzle size 5x5 with 5 colors...
Generated 5x5 in 0.01s - Difficulty: 175
Generating puzzle size 5x5 with 4 colors...
Generated 5x5 in 0.64s - Difficulty: 160
Generating puzzle size 5x5 with 5 colors...
Generated 5x5 in 0.05s - Difficulty: 175
Generating puzzle size 5x5 with 6 colors...
Generated 5x5 in 0.01s - Difficulty: 180
Generating puzzle size 5x5 with 3 colors...
Generated 5x5 in 0.23s - Difficulty: 120
Generating puzzle size 5x5 with 3 colors...
Generated 5x5 in 0.73s - Difficulty: 105
Generating puzzle size 5x5 with 5 colors...
Generated 5x5 in 0.02s - Difficulty: 200
Generating puzzle size 5x5 with 6 colors...
Generated 5x5 in 0.01s - Difficulty: 180
Generating puzzle size 5x5 with 6 colors...
Generated 5x5 in 0.02s - Difficulty: 210
Generating puzzle size 5x5 with 3 colors...
Generated 5x5 in 0.07s - Difficulty: 120
Generating puzzle size 5x5 with 5 colors...
Generated 5x5 in 0.01s - Difficulty: 150
Generating puzzle size 5x5 with 4 colors...
Generated 5x5 in 0.08s - Difficulty: 160
Generating puzzle size 5x5 with 3 colors...
Generated 5x5 in 0.16s - Difficulty: 105
Generating puzzle size 5x5 with 4 colors...
Generated 5x5 in 0.09s - Difficulty: 140
Generating puzzle size 5x5 with 4 colors...
Generated 5x5 in 0.11s - Difficulty: 160
Generating puzzle size 5x5 with 4 colors...
Generated 5x5 in 0.21s - Difficulty: 140
Generating puzzle size 5x5 with 4 colors...
Generated 5x5 in 0.13s - Difficulty: 100
Generating puzzle size 5x5 with 5 colors...
Generated 5x5 in 0.01s - Difficulty: 175
Generating puzzle size 5x5 with 5 colors...
Generated 5x5 in 0.04s - Difficulty: 150
Generating puzzle size 5x5 with 4 colors...
Generated 5x5 in 0.01s - Difficulty: 120
Generating puzzle size 5x5 with 6 colors...
Generated 5x5 in 0.00s - Difficulty: 180
Generating puzzle size 5x5 with 4 colors...
Generated 5x5 in 0.14s - Difficulty: 100
Generating puzzle size 5x5 with 5 colors...
Generated 5x5 in 0.00s - Difficulty: 150
Generating puzzle size 5x5 with 6 colors...
Generated 5x5 in 0.01s - Difficulty: 240
Generating puzzle size 5x5 with 3 colors...
Generated 5x5 in 0.64s - Difficulty: 150
Generating puzzle size 5x5 with 5 colors...
Generated 5x5 in 0.03s - Difficulty: 175
Generating puzzle size 5x5 with 4 colors...
Generated 5x5 in 0.14s - Difficulty: 160
Generating puzzle size 5x5 with 3 colors...
Generated 5x5 in 0.33s - Difficulty: 75
Generating puzzle size 5x5 with 6 colors...
Generated 5x5 in 0.01s - Difficulty: 180
Generating puzzle size 5x5 with 5 colors...
Generated 5x5 in 0.03s - Difficulty: 150
Generating puzzle size 5x5 with 4 colors...
Generated 5x5 in 0.10s - Difficulty: 140
Generating puzzle size 5x5 with 6 colors...
Generated 5x5 in 0.03s - Difficulty: 180
Generating puzzle size 5x5 with 5 colors...
Generated 5x5 in 0.01s - Difficulty: 200
Generating puzzle size 5x5 with 6 colors...
Generated 5x5 in 0.01s - Difficulty: 270
Generating puzzle size 5x5 with 3 colors...
Generated 5x5 in 0.19s - Difficulty: 90
Generating puzzle size 5x5 with 4 colors...
Generated 5x5 in 0.01s - Difficulty: 120
Generating puzzle size 5x5 with 3 colors...
Generated 5x5 in 0.15s - Difficulty: 105
Generating puzzle size 5x5 with 3 colors...
Generated 5x5 in 0.19s - Difficulty: 150
Generating puzzle size 5x5 with 6 colors...
Generated 5x5 in 0.00s - Difficulty: 120
Generating puzzle size 5x5 with 5 colors...
Generated 5x5 in 0.01s - Difficulty: 150
Generating puzzle size 5x5 with 4 colors...
Generated 5x5 in 0.17s - Difficulty: 140
Generating puzzle size 5x5 with 5 colors...
Generated 5x5 in 0.01s - Difficulty: 175
Generating puzzle size 5x5 with 6 colors...
Generated 5x5 in 0.00s - Difficulty: 120
Generating puzzle size 5x5 with 3 colors...
Generated 5x5 in 0.51s - Difficulty: 90
Generating puzzle size 5x5 with 6 colors...
Generated 5x5 in 0.00s - Difficulty: 330
Generating puzzle size 5x5 with 6 colors...
Generated 5x5 in 0.01s - Difficulty: 150
Generating puzzle size 5x5 with 6 colors...
Generated 5x5 in 0.00s - Difficulty: 180
Generating puzzle size 5x5 with 3 colors...
Generated 5x5 in 0.60s - Difficulty: 105
Generating puzzle size 5x5 with 5 colors...
Generated 5x5 in 0.04s - Difficulty: 275
Generating puzzle size 5x5 with 5 colors...
Generated 5x5 in 0.01s - Difficulty: 125
Generating puzzle size 5x5 with 5 colors...
Generated 5x5 in 0.03s - Difficulty: 250
Generating puzzle size 5x5 with 5 colors...
Generated 5x5 in 0.03s - Difficulty: 175
Generating puzzle size 5x5 with 4 colors...
Generated 5x5 in 0.02s - Difficulty: 140
Generating puzzle size 5x5 with 6 colors...
Generated 5x5 in 0.02s - Difficulty: 300
Generating puzzle size 5x5 with 3 colors...
Generated 5x5 in 0.03s - Difficulty: 150
Generating puzzle size 5x5 with 6 colors...
Generated 5x5 in 0.01s - Difficulty: 120
Generating puzzle size 5x5 with 3 colors...
Generated 5x5 in 0.06s - Difficulty: 75
Generating puzzle size 5x5 with 5 colors...
Generated 5x5 in 0.03s - Difficulty: 150
Generating puzzle size 5x5 with 5 colors...
Generated 5x5 in 0.06s - Difficulty: 150
Generating puzzle size 5x5 with 3 colors...
Generated 5x5 in 0.01s - Difficulty: 90
Generating puzzle size 5x5 with 4 colors...
Generated 5x5 in 0.08s - Difficulty: 240
Generating puzzle size 5x5 with 6 colors...
Generated 5x5 in 0.02s - Difficulty: 180
Generating puzzle size 5x5 with 4 colors...
Generated 5x5 in 0.24s - Difficulty: 140
Generating puzzle size 5x5 with 3 colors...
Generated 5x5 in 0.63s - Difficulty: 135
Generating puzzle size 5x5 with 6 colors...
Generated 5x5 in 0.05s - Difficulty: 210
Generating puzzle size 5x5 with 6 colors...
Generated 5x5 in 0.03s - Difficulty: 150
Generating puzzle size 5x5 with 3 colors...
Generated 5x5 in 0.23s - Difficulty: 75
Generating puzzle size 5x5 with 3 colors...
Generated 5x5 in 0.31s - Difficulty: 120
Generating puzzle size 5x5 with 6 colors...
Generated 5x5 in 0.01s - Difficulty: 300
Generating puzzle size 5x5 with 5 colors...
Generated 5x5 in 0.01s - Difficulty: 100
Generating puzzle size 5x5 with 4 colors...
Generated 5x5 in 0.01s - Difficulty: 100
Generating puzzle size 5x5 with 3 colors...
Generated 5x5 in 0.53s - Difficulty: 150
Generating puzzle size 5x5 with 6 colors...Generating puzzle size 5x5 with 3 colors...
Generated 5x5 in 0.79s - Difficulty: 105
Generating puzzle size 5x5 with 3 colors...
Generated 5x5 in 0.54s - Difficulty: 75
Generating puzzle size 5x5 with 3 colors...
Generated 5x5 in 0.24s - Difficulty: 120
Generating puzzle size 5x5 with 3 colors...
Generated 5x5 in 0.09s - Difficulty: 75
Generating puzzle size 5x5 with 4 colors...
Generated 5x5 in 0.12s - Difficulty: 120
Generating puzzle size 5x5 with 5 colors...
Generated 5x5 in 0.01s - Difficulty: 250
Generating puzzle size 5x5 with 5 colors...
Generated 5x5 in 0.01s - Difficulty: 175
Generating puzzle size 5x5 with 3 colors...
Generated 5x5 in 0.05s - Difficulty: 105
Generating puzzle size 5x5 with 6 colors...
Generated 5x5 in 0.02s - Difficulty: 210
Generating puzzle size 5x5 with 5 colors...
Generated 5x5 in 0.00s - Difficulty: 125
Generating puzzle size 5x5 with 3 colors...
Generated 5x5 in 0.13s - Difficulty: 105
Generating puzzle size 5x5 with 4 colors...
Generated 5x5 in 0.42s - Difficulty: 120
Generating puzzle size 5x5 with 5 colors...
Generated 5x5 in 0.01s - Difficulty: 125
Generating puzzle size 5x5 with 5 colors...
Generated 5x5 in 0.02s - Difficulty: 275
Generating puzzle size 5x5 with 5 colors...
Generated 5x5 in 0.11s - Difficulty: 150
Generating puzzle size 5x5 with 5 colors...
Generated 5x5 in 0.04s - Difficulty: 150
Generating puzzle size 5x5 with 3 colors...
Generated 5x5 in 0.33s - Difficulty: 120
Generating puzzle size 5x5 with 3 colors...
Generated 5x5 in 0.23s - Difficulty: 135
Generating puzzle size 5x5 with 6 colors...
Generated 5x5 in 0.01s - Difficulty: 210
Generating puzzle size 5x5 with 4 colors...
Generated 5x5 in 0.12s - Difficulty: 60
Generating puzzle size 5x5 with 4 colors...
Generated 5x5 in 0.07s - Difficulty: 220
Generating puzzle size 5x5 with 3 colors...
Generated 5x5 in 0.38s - Difficulty: 105
Generating puzzle size 5x5 with 5 colors...
Generated 5x5 in 0.09s - Difficulty: 150
Generating puzzle size 5x5 with 5 colors...
Generated 5x5 in 0.04s - Difficulty: 150
Generating puzzle size 5x5 with 5 colors...
Generated 5x5 in 0.02s - Difficulty: 125
Generating puzzle size 5x5 with 6 colors...
Generated 5x5 in 0.00s - Difficulty: 180
Generating puzzle size 5x5 with 6 colors...
Generated 5x5 in 0.00s - Difficulty: 210
Generating puzzle size 5x5 with 5 colors...
Generated 5x5 in 0.02s - Difficulty: 150
Generating puzzle size 5x5 with 4 colors...
Generated 5x5 in 0.02s - Difficulty: 160
Generating puzzle size 5x5 with 6 colors...
Generated 5x5 in 0.00s - Difficulty: 270
Generating puzzle size 5x5 with 4 colors...
Generated 5x5 in 0.01s - Difficulty: 160
Generating puzzle size 5x5 with 3 colors...
Generated 5x5 in 0.61s - Difficulty: 105
Generating puzzle size 5x5 with 5 colors...
Generated 5x5 in 0.01s - Difficulty: 150
Generating puzzle size 5x5 with 5 colors...
Generated 5x5 in 0.00s - Difficulty: 175
Generating puzzle size 5x5 with 5 colors...
Generated 5x5 in 0.04s - Difficulty: 200
Generating puzzle size 5x5 with 3 colors...
Generated 5x5 in 0.07s - Difficulty: 120
Generating puzzle size 5x5 with 6 colors...
Generated 5x5 in 0.01s - Difficulty: 180
Generating puzzle size 5x5 with 5 colors...
Generated 5x5 in 0.02s - Difficulty: 125
Generating puzzle size 5x5 with 5 colors...
Generated 5x5 in 0.03s - Difficulty: 125
Generating puzzle size 5x5 with 3 colors...
Generated 5x5 in 1.46s - Difficulty: 120
Generating puzzle size 5x5 with 5 colors...
Generated 5x5 in 0.01s - Difficulty: 175
Generating puzzle size 5x5 with 6 colors...
Generated 5x5 in 0.01s - Difficulty: 210
Generating puzzle size 5x5 with 6 colors...
Generated 5x5 in 0.02s - Difficulty: 90
Generating puzzle size 5x5 with 4 colors...
Generated 5x5 in 0.11s - Difficulty: 120
Generating puzzle size 5x5 with 5 colors...
Generated 5x5 in 0.01s - Difficulty: 100
Generating puzzle size 5x5 with 4 colors...
Generated 5x5 in 0.03s - Difficulty: 120
Generating puzzle size 5x5 with 5 colors...
Generated 5x5 in 0.04s - Difficulty: 175
Generating puzzle size 5x5 with 6 colors...
Generated 5x5 in 0.06s - Difficulty: 210
Generating puzzle size 5x5 with 5 colors...
Generated 5x5 in 0.06s - Difficulty: 125
Generating puzzle size 5x5 with 4 colors...
Generated 5x5 in 0.25s - Difficulty: 180
Generating puzzle size 5x5 with 6 colors...
Generated 5x5 in 0.02s - Difficulty: 150
Generating puzzle size 5x5 with 4 colors...
Generated 5x5 in 0.10s - Difficulty: 140
Generating puzzle size 5x5 with 4 colors...
Generated 5x5 in 0.20s - Difficulty: 80
Generating puzzle size 5x5 with 3 colors...
Generated 5x5 in 0.49s - Difficulty: 105
Generating puzzle size 5x5 with 4 colors...
Generated 5x5 in 0.01s - Difficulty: 200
Generating puzzle size 5x5 with 6 colors...
Generated 5x5 in 0.00s - Difficulty: 180
Generating puzzle size 5x5 with 4 colors...
Generated 5x5 in 0.24s - Difficulty: 160
Generating puzzle size 5x5 with 5 colors...
Generated 5x5 in 0.02s - Difficulty: 75
Generating puzzle size 5x5 with 5 colors...
Generated 5x5 in 0.04s - Difficulty: 75
Generating puzzle size 5x5 with 5 colors...
Generated 5x5 in 0.01s - Difficulty: 125
Generating puzzle size 5x5 with 5 colors...
Generated 5x5 in 0.03s - Difficulty: 200
Generating puzzle size 5x5 with 5 colors...
Generated 5x5 in 0.04s - Difficulty: 225
Generating puzzle size 5x5 with 5 colors...
Generated 5x5 in 0.01s - Difficulty: 200
Generating puzzle size 5x5 with 6 colors...
Generated 5x5 in 0.00s - Difficulty: 150
Generating puzzle size 5x5 with 4 colors...
Generated 5x5 in 0.03s - Difficulty: 160
Generating puzzle size 5x5 with 3 colors...
Generated 5x5 in 1.05s - Difficulty: 105
Generating puzzle size 5x5 with 4 colors...
Generated 5x5 in 0.09s - Difficulty: 160
Generating puzzle size 5x5 with 3 colors...
Generated 5x5 in 0.07s - Difficulty: 90
Generating puzzle size 5x5 with 5 colors...
Generated 5x5 in 0.02s - Difficulty: 150
Generating puzzle size 5x5 with 5 colors...
Generated 5x5 in 0.03s - Difficulty: 175
Generating puzzle size 5x5 with 4 colors...
Generated 5x5 in 0.03s - Difficulty: 200
Generating puzzle size 5x5 with 4 colors...
Generated 5x5 in 0.06s - Difficulty: 160
Generating puzzle size 5x5 with 6 colors...
Generated 5x5 in 0.01s - Difficulty: 240
Generating puzzle size 5x5 with 4 colors...
Generated 5x5 in 0.28s - Difficulty: 160
Generating puzzle size 5x5 with 4 colors...
Generated 5x5 in 0.03s - Difficulty: 140
Generating puzzle size 5x5 with 3 colors...
Generated 5x5 in 0.05s - Difficulty: 105
Generating puzzle size 5x5 with 4 colors...
Generated 5x5 in 0.08s - Difficulty: 180
Generating puzzle size 5x5 with 6 colors...
Generated 5x5 in 0.01s - Difficulty: 180
Generating puzzle size 5x5 with 5 colors...
Generated 5x5 in 0.02s - Difficulty: 175
Generating puzzle size 5x5 with 4 colors...
Generated 5x5 in 0.23s - Difficulty: 160
Generating puzzle size 5x5 with 6 colors...
Generated 5x5 in 0.00s - Difficulty: 210
Generating puzzle size 5x5 with 4 colors...
Generated 5x5 in 0.06s - Difficulty: 180
Generating puzzle size 5x5 with 3 colors...
Generated 5x5 in 0.22s - Difficulty: 105
Generating puzzle size 5x5 with 4 colors...
Generated 5x5 in 0.05s - Difficulty: 160
Generating puzzle size 5x5 with 3 colors...
Generated 5x5 in 0.77s - Difficulty: 105
Generating puzzle size 5x5 with 5 colors...
Generated 5x5 in 0.05s - Difficulty: 175
Generating puzzle size 5x5 with 5 colors...
Generated 5x5 in 0.08s - Difficulty: 175
Generating puzzle size 5x5 with 5 colors...
Generated 5x5 in 0.04s - Difficulty: 175
Generating puzzle size 5x5 with 5 colors...
Generated 5x5 in 0.06s - Difficulty: 75
Generating puzzle size 5x5 with 6 colors...
Generated 5x5 in 0.00s - Difficulty: 240
Generating puzzle size 5x5 with 6 colors...
Generated 5x5 in 0.02s - Difficulty: 150
Generating puzzle size 5x5 with 6 colors...
Generated 5x5 in 0.01s - Difficulty: 150
Generating puzzle size 5x5 with 6 colors...
Generated 5x5 in 0.01s - Difficulty: 270
Generating puzzle size 5x5 with 6 colors...
Generated 5x5 in 0.02s - Difficulty: 240
Generating puzzle size 5x5 with 5 colors...
Generated 5x5 in 0.01s - Difficulty: 225
Generating puzzle size 5x5 with 6 colors...
Generated 5x5 in 0.01s - Difficulty: 180
Generating puzzle size 5x5 with 6 colors...Generating puzzle size 5x5 with 3 colors...
Generated 5x5 in 0.88s - Difficulty: 120
Generating puzzle size 5x5 with 6 colors...
Generated 5x5 in 0.00s - Difficulty: 180
Generating puzzle size 5x5 with 5 colors...
Generated 5x5 in 0.14s - Difficulty: 175
Generating puzzle size 5x5 with 4 colors...
Generated 5x5 in 0.37s - Difficulty: 160
Generating puzzle size 5x5 with 5 colors...
Generated 5x5 in 0.01s - Difficulty: 125
Generating puzzle size 5x5 with 5 colors...
Generated 5x5 in 0.04s - Difficulty: 150
Generating puzzle size 5x5 with 5 colors...
Generated 5x5 in 0.01s - Difficulty: 150
Generating puzzle size 5x5 with 4 colors...
Generated 5x5 in 0.07s - Difficulty: 200
Generating puzzle size 5x5 with 5 colors...
Generated 5x5 in 0.07s - Difficulty: 175
Generating puzzle size 5x5 with 4 colors...
Generated 5x5 in 0.04s - Difficulty: 220
Generating puzzle size 5x5 with 6 colors...
Generated 5x5 in 0.00s - Difficulty: 180
Generating puzzle size 5x5 with 4 colors...
Generated 5x5 in 0.03s - Difficulty: 120
Generating puzzle size 5x5 with 5 colors...
Generated 5x5 in 0.02s - Difficulty: 125
Generating puzzle size 5x5 with 4 colors...
Generated 5x5 in 0.02s - Difficulty: 140
Generating puzzle size 5x5 with 4 colors...
Generated 5x5 in 0.03s - Difficulty: 140
Generating puzzle size 5x5 with 4 colors...
Generated 5x5 in 0.01s - Difficulty: 140
Generating puzzle size 5x5 with 5 colors...
Generated 5x5 in 0.01s - Difficulty: 150
Generating puzzle size 5x5 with 5 colors...
Generated 5x5 in 0.05s - Difficulty: 125
Generating puzzle size 5x5 with 5 colors...
Generated 5x5 in 0.03s - Difficulty: 100
Generating puzzle size 5x5 with 6 colors...
Generated 5x5 in 0.01s - Difficulty: 180
Generating puzzle size 5x5 with 4 colors...
Generated 5x5 in 0.06s - Difficulty: 140
Generating puzzle size 5x5 with 3 colors...
Generated 5x5 in 0.70s - Difficulty: 105
Generating puzzle size 5x5 with 5 colors...
Generated 5x5 in 0.01s - Difficulty: 225
Generating puzzle size 5x5 with 3 colors...
Generated 5x5 in 0.69s - Difficulty: 150
Generating puzzle size 5x5 with 5 colors...
Generated 5x5 in 0.04s - Difficulty: 175
Generating puzzle size 5x5 with 4 colors...
Generated 5x5 in 0.03s - Difficulty: 200
Generating puzzle size 5x5 with 3 colors...
Generated 5x5 in 0.09s - Difficulty: 105
Generating puzzle size 5x5 with 6 colors...
Generated 5x5 in 0.02s - Difficulty: 150
Generating puzzle size 5x5 with 3 colors...
Generated 5x5 in 0.15s - Difficulty: 90
Generating puzzle size 5x5 with 5 colors...
Generated 5x5 in 0.14s - Difficulty: 125
Generating puzzle size 5x5 with 5 colors...
Generated 5x5 in 0.02s - Difficulty: 200
Generating puzzle size 5x5 with 3 colors...
Generated 5x5 in 0.52s - Difficulty: 135
Generating puzzle size 5x5 with 6 colors...
Generated 5x5 in 0.00s - Difficulty: 210
Generating puzzle size 5x5 with 6 colors...
Generated 5x5 in 0.02s - Difficulty: 90
Generating puzzle size 5x5 with 3 colors...
Generated 5x5 in 0.73s - Difficulty: 120
Generating puzzle size 5x5 with 5 colors...
Generated 5x5 in 0.00s - Difficulty: 125
Generating puzzle size 5x5 with 4 colors...
Generated 5x5 in 0.04s - Difficulty: 140
Generating puzzle size 5x5 with 3 colors...
Generated 5x5 in 0.32s - Difficulty: 90
Generating puzzle size 5x5 with 3 colors...
Generated 5x5 in 0.04s - Difficulty: 150
Generating puzzle size 5x5 with 5 colors...
Generated 5x5 in 0.02s - Difficulty: 175
Generating puzzle size 5x5 with 5 colors...
Generated 5x5 in 0.03s - Difficulty: 100
Generating puzzle size 5x5 with 6 colors...
Generated 5x5 in 0.01s - Difficulty: 270
Generating puzzle size 5x5 with 5 colors...
Generated 5x5 in 0.02s - Difficulty: 125
Generating puzzle size 5x5 with 5 colors...
Generated 5x5 in 0.01s - Difficulty: 150
Generating puzzle size 5x5 with 6 colors...
Generated 5x5 in 0.01s - Difficulty: 180
Generating puzzle size 5x5 with 5 colors...
Generated 5x5 in 0.01s - Difficulty: 125
Generating puzzle size 5x5 with 5 colors...
Generated 5x5 in 0.02s - Difficulty: 225
Generating puzzle size 5x5 with 3 colors...
Generated 5x5 in 0.31s - Difficulty: 105
Generating puzzle size 5x5 with 5 colors...
Generated 5x5 in 0.02s - Difficulty: 150
Generating puzzle size 5x5 with 6 colors...
Generated 5x5 in 0.01s - Difficulty: 270
Generating puzzle size 5x5 with 5 colors...
Generated 5x5 in 0.03s - Difficulty: 150
Generating puzzle size 5x5 with 3 colors...
Generated 5x5 in 0.13s - Difficulty: 150
Generating puzzle size 5x5 with 3 colors...
Generated 5x5 in 0.20s - Difficulty: 105
Generating puzzle size 5x5 with 4 colors...
Generated 5x5 in 0.02s - Difficulty: 140
Generating puzzle size 5x5 with 5 colors...
Generated 5x5 in 0.02s - Difficulty: 150
Generating puzzle size 5x5 with 3 colors...
Generated 5x5 in 0.06s - Difficulty: 120
Generating puzzle size 5x5 with 5 colors...
Generated 5x5 in 0.00s - Difficulty: 150
Generating puzzle size 5x5 with 3 colors...
Generated 5x5 in 0.05s - Difficulty: 135
Generating puzzle size 5x5 with 3 colors...
Generated 5x5 in 0.21s - Difficulty: 105
Generating puzzle size 5x5 with 6 colors...
Generated 5x5 in 0.01s - Difficulty: 180
Generating puzzle size 5x5 with 3 colors...
Generated 5x5 in 0.34s - Difficulty: 90
Generating puzzle size 5x5 with 3 colors...
Generated 5x5 in 0.73s - Difficulty: 90
Generating puzzle size 5x5 with 4 colors...
Generated 5x5 in 0.03s - Difficulty: 120
Generating puzzle size 5x5 with 5 colors...
Generated 5x5 in 0.01s - Difficulty: 100
Generating puzzle size 5x5 with 4 colors...
Generated 5x5 in 0.09s - Difficulty: 180
Generating puzzle size 5x5 with 5 colors...
Generated 5x5 in 0.01s - Difficulty: 200
Generating puzzle size 5x5 with 3 colors...
Generated 5x5 in 0.06s - Difficulty: 135
Generating puzzle size 5x5 with 4 colors...
Generated 5x5 in 0.07s - Difficulty: 140
Generating puzzle size 5x5 with 3 colors...
Generated 5x5 in 0.20s - Difficulty: 75
Generating puzzle size 5x5 with 3 colors...
Generated 5x5 in 0.28s - Difficulty: 120
Generating puzzle size 5x5 with 3 colors...
Generated 5x5 in 0.11s - Difficulty: 105
Generating puzzle size 5x5 with 4 colors...
Generated 5x5 in 0.15s - Difficulty: 100
Generating puzzle size 5x5 with 5 colors...
Generated 5x5 in 0.01s - Difficulty: 225
Generating puzzle size 5x5 with 3 colors...
Generated 5x5 in 0.12s - Difficulty: 105
Generating puzzle size 5x5 with 3 colors...
Generated 5x5 in 0.48s - Difficulty: 60
Generating puzzle size 5x5 with 3 colors...
Generated 5x5 in 0.20s - Difficulty: 105
Generating puzzle size 5x5 with 4 colors...
Generated 5x5 in 0.08s - Difficulty: 80
Generating puzzle size 5x5 with 6 colors...
Generated 5x5 in 0.00s - Difficulty: 240
Generating puzzle size 5x5 with 3 colors...
Generated 5x5 in 0.23s - Difficulty: 120
Generating puzzle size 5x5 with 5 colors...
Generated 5x5 in 0.02s - Difficulty: 150
Generating puzzle size 5x5 with 4 colors...
Generated 5x5 in 0.08s - Difficulty: 140
Generating puzzle size 5x5 with 5 colors...
Generated 5x5 in 0.10s - Difficulty: 175
Generating puzzle size 5x5 with 3 colors...
Generated 5x5 in 0.07s - Difficulty: 105
Generating puzzle size 5x5 with 6 colors...
Generated 5x5 in 0.01s - Difficulty: 150
Generating puzzle size 5x5 with 3 colors...
Generated 5x5 in 0.20s - Difficulty: 90
Generating puzzle size 5x5 with 4 colors...
Generated 5x5 in 0.34s - Difficulty: 180
Generating puzzle size 5x5 with 4 colors...
Generated 5x5 in 0.04s - Difficulty: 140
Generating puzzle size 5x5 with 3 colors...
Generated 5x5 in 0.53s - Difficulty: 90
Generating puzzle size 5x5 with 4 colors...
Generated 5x5 in 0.10s - Difficulty: 160
Generating puzzle size 5x5 with 3 colors...
Generated 5x5 in 0.07s - Difficulty: 90
Generating puzzle size 5x5 with 4 colors...
Generated 5x5 in 0.04s - Difficulty: 140
Generating puzzle size 5x5 with 3 colors...
Generated 5x5 in 0.08s - Difficulty: 120
Generating puzzle size 5x5 with 4 colors...
Generated 5x5 in 0.06s - Difficulty: 140
Generating puzzle size 5x5 with 6 colors...
Generated 5x5 in 0.00s - Difficulty: 150
Generating puzzle size 5x5 with 5 colors...
Generated 5x5 in 0.04s - Difficulty: 150
Generating puzzle size 5x5 with 5 colors...
Generated 5x5 in 0.01s - Difficulty: 200
Generating puzzle size 5x5 with 5 colors...Generating puzzle size 5x5 with 4 colors...
Generated 5x5 in 0.02s - Difficulty: 140
Generating puzzle size 5x5 with 4 colors...
Generated 5x5 in 0.01s - Difficulty: 80
Generating puzzle size 5x5 with 3 colors...
Generated 5x5 in 0.57s - Difficulty: 90
Generating puzzle size 5x5 with 3 colors...
Generated 5x5 in 0.12s - Difficulty: 75
Generating puzzle size 5x5 with 4 colors...
Generated 5x5 in 0.02s - Difficulty: 100
Generating puzzle size 5x5 with 6 colors...
Generated 5x5 in 0.01s - Difficulty: 210
Generating puzzle size 5x5 with 4 colors...
Generated 5x5 in 0.03s - Difficulty: 160
Generating puzzle size 5x5 with 5 colors...
Generated 5x5 in 0.01s - Difficulty: 200
Generating puzzle size 5x5 with 4 colors...
Generated 5x5 in 0.01s - Difficulty: 120
Generating puzzle size 5x5 with 3 colors...
Generated 5x5 in 0.20s - Difficulty: 150
Generating puzzle size 5x5 with 4 colors...
Generated 5x5 in 0.16s - Difficulty: 160
Generating puzzle size 5x5 with 3 colors...
Generated 5x5 in 0.01s - Difficulty: 150
Generating puzzle size 5x5 with 4 colors...
Generated 5x5 in 0.06s - Difficulty: 120
Generating puzzle size 5x5 with 3 colors...
Generated 5x5 in 0.87s - Difficulty: 60
Generating puzzle size 5x5 with 6 colors...
Generated 5x5 in 0.02s - Difficulty: 150
Generating puzzle size 5x5 with 4 colors...
Generated 5x5 in 0.39s - Difficulty: 100
Generating puzzle size 5x5 with 4 colors...
Generated 5x5 in 0.02s - Difficulty: 100
Generating puzzle size 5x5 with 4 colors...
Generated 5x5 in 0.07s - Difficulty: 120
Generating puzzle size 5x5 with 5 colors...
Generated 5x5 in 0.01s - Difficulty: 175
Generating puzzle size 5x5 with 3 colors...
Generated 5x5 in 0.26s - Difficulty: 75
Generating puzzle size 5x5 with 6 colors...
Generated 5x5 in 0.01s - Difficulty: 180
Generating puzzle size 5x5 with 3 colors...
Generated 5x5 in 0.11s - Difficulty: 105
Generating puzzle size 5x5 with 5 colors...
Generated 5x5 in 0.00s - Difficulty: 125
Generating puzzle size 5x5 with 4 colors...
Generated 5x5 in 0.15s - Difficulty: 140
Generating puzzle size 5x5 with 4 colors...
Generated 5x5 in 0.04s - Difficulty: 140
Generating puzzle size 5x5 with 5 colors...
Generated 5x5 in 0.10s - Difficulty: 175
Generating puzzle size 5x5 with 4 colors...
Generated 5x5 in 0.06s - Difficulty: 160
Generating puzzle size 5x5 with 5 colors...
Generated 5x5 in 0.04s - Difficulty: 225
Generating puzzle size 5x5 with 4 colors...
Generated 5x5 in 0.18s - Difficulty: 120
Generating puzzle size 5x5 with 3 colors...
Generated 5x5 in 0.76s - Difficulty: 105
Generating puzzle size 5x5 with 5 colors...
Generated 5x5 in 0.00s - Difficulty: 150
Generating puzzle size 5x5 with 5 colors...
Generated 5x5 in 0.02s - Difficulty: 150
Generating puzzle size 5x5 with 3 colors...
Generated 5x5 in 0.29s - Difficulty: 75
Generating puzzle size 5x5 with 5 colors...
Generated 5x5 in 0.01s - Difficulty: 125
Generating puzzle size 5x5 with 5 colors...
Generated 5x5 in 0.05s - Difficulty: 125
Generating puzzle size 5x5 with 5 colors...
Generated 5x5 in 0.01s - Difficulty: 175
Generating puzzle size 5x5 with 6 colors...
Generated 5x5 in 0.01s - Difficulty: 60
Generating puzzle size 5x5 with 3 colors...
Generated 5x5 in 0.57s - Difficulty: 105
Generating puzzle size 5x5 with 6 colors...
Generated 5x5 in 0.02s - Difficulty: 150
Generating puzzle size 5x5 with 3 colors...
Generated 5x5 in 0.10s - Difficulty: 105
Generating puzzle size 5x5 with 6 colors...
Generated 5x5 in 0.01s - Difficulty: 180
Generating puzzle size 5x5 with 4 colors...
Generated 5x5 in 0.24s - Difficulty: 140
Generating puzzle size 5x5 with 3 colors...
Generated 5x5 in 0.56s - Difficulty: 60
Generating puzzle size 5x5 with 3 colors...
Generated 5x5 in 0.09s - Difficulty: 105
Generating puzzle size 5x5 with 6 colors...
Generated 5x5 in 0.00s - Difficulty: 120
Generating puzzle size 5x5 with 6 colors...
Generated 5x5 in 0.03s - Difficulty: 150
Generating puzzle size 5x5 with 6 colors...
Generated 5x5 in 0.01s - Difficulty: 150
Generating puzzle size 5x5 with 3 colors...
Generated 5x5 in 0.43s - Difficulty: 90
Generating puzzle size 5x5 with 6 colors...
Generated 5x5 in 0.03s - Difficulty: 180
Generating puzzle size 5x5 with 4 colors...
Generated 5x5 in 0.30s - Difficulty: 140
Generating puzzle size 5x5 with 3 colors...
Generated 5x5 in 0.68s - Difficulty: 105
Generating puzzle size 5x5 with 4 colors...
Generated 5x5 in 0.05s - Difficulty: 200
Generating puzzle size 5x5 with 4 colors...
Generated 5x5 in 0.04s - Difficulty: 120
Generating puzzle size 5x5 with 4 colors...
Generated 5x5 in 0.26s - Difficulty: 160
Generating puzzle size 5x5 with 4 colors...
Generated 5x5 in 0.24s - Difficulty: 160
Generating puzzle size 5x5 with 6 colors...
Generated 5x5 in 0.01s - Difficulty: 180
Generating puzzle size 5x5 with 3 colors...
Generated 5x5 in 0.23s - Difficulty: 90
Generating puzzle size 5x5 with 5 colors...
Generated 5x5 in 0.03s - Difficulty: 175
Generating puzzle size 5x5 with 5 colors...
Generated 5x5 in 0.01s - Difficulty: 150
Generating puzzle size 5x5 with 5 colors...
Generated 5x5 in 0.04s - Difficulty: 225
Generating puzzle size 5x5 with 6 colors...
Generated 5x5 in 0.00s - Difficulty: 120
Generating puzzle size 5x5 with 3 colors...
Generated 5x5 in 0.46s - Difficulty: 105
Generating puzzle size 5x5 with 3 colors...
Generated 5x5 in 0.24s - Difficulty: 90
Generating puzzle size 5x5 with 5 colors...
Generated 5x5 in 0.01s - Difficulty: 150
Generating puzzle size 5x5 with 3 colors...
Generated 5x5 in 0.06s - Difficulty: 105
Generating puzzle size 5x5 with 5 colors...
Generated 5x5 in 0.03s - Difficulty: 175
Generating puzzle size 5x5 with 6 colors...
Generated 5x5 in 0.02s - Difficulty: 210
Generating puzzle size 5x5 with 3 colors...
Generated 5x5 in 0.18s - Difficulty: 60
Generating puzzle size 5x5 with 6 colors...
Generated 5x5 in 0.01s - Difficulty: 210
Generating puzzle size 5x5 with 3 colors...
Generated 5x5 in 1.22s - Difficulty: 75
Generating puzzle size 5x5 with 6 colors...
Generated 5x5 in 0.04s - Difficulty: 180
Generating puzzle size 5x5 with 6 colors...
Generated 5x5 in 0.00s - Difficulty: 120
Generating puzzle size 5x5 with 6 colors...
Generated 5x5 in 0.00s - Difficulty: 60
Generating puzzle size 5x5 with 6 colors...
Generated 5x5 in 0.02s - Difficulty: 120
Generating puzzle size 5x5 with 4 colors...
Generated 5x5 in 0.05s - Difficulty: 120
Generating puzzle size 5x5 with 6 colors...
Generated 5x5 in 0.01s - Difficulty: 210
Generating puzzle size 5x5 with 6 colors...
Generated 5x5 in 0.00s - Difficulty: 150
Generating puzzle size 5x5 with 4 colors...
Generated 5x5 in 0.05s - Difficulty: 120
Generating puzzle size 5x5 with 5 colors...
Generated 5x5 in 0.01s - Difficulty: 175
Generating puzzle size 5x5 with 3 colors...
Generated 5x5 in 0.15s - Difficulty: 105
Generating puzzle size 5x5 with 6 colors...
Generated 5x5 in 0.00s - Difficulty: 270
Generating puzzle size 5x5 with 5 colors...
Generated 5x5 in 0.02s - Difficulty: 150
Generating puzzle size 5x5 with 4 colors...
Generated 5x5 in 0.04s - Difficulty: 160
Generating puzzle size 5x5 with 4 colors...
Generated 5x5 in 0.06s - Difficulty: 120
Generating puzzle size 5x5 with 5 colors...
Generated 5x5 in 0.01s - Difficulty: 175
Generating puzzle size 5x5 with 4 colors...
Generated 5x5 in 0.07s - Difficulty: 120
Generating puzzle size 5x5 with 6 colors...
Generated 5x5 in 0.02s - Difficulty: 150
Generating puzzle size 5x5 with 4 colors...
Generated 5x5 in 0.02s - Difficulty: 140
Generating puzzle size 5x5 with 4 colors...
Generated 5x5 in 0.11s - Difficulty: 80
Generating puzzle size 5x5 with 5 colors...
Generated 5x5 in 0.02s - Difficulty: 175
Generating puzzle size 5x5 with 6 colors...
Generated 5x5 in 0.01s - Difficulty: 210
Generating puzzle size 5x5 with 6 colors...
Generated 5x5 in 0.02s - Difficulty: 180
Generating puzzle size 5x5 with 6 colors...
Generated 5x5 in 0.01s - Difficulty: 240
Generating puzzle size 5x5 with 5 colors...
Generated 5x5 in 0.03s - Difficulty: 0
Generating puzzle size 5x5 with 6 colors...
Generated 5x5 in 0.00s - Difficulty: 150
Generating puzzle size 5x5 with 3 colors...
Generated 5x5 in 0.10s - Difficulty: 150
Generating puzzle size 5x5 with 6 colors...
Generated 5x5 in 0.01s - Difficulty: 240
Generated 5x5 in 0.01s - Difficulty: 150
Generating puzzle size 5x5 with 4 colors...
Generated 5x5 in 0.22s - Difficulty: 200
Generating puzzle size 5x5 with 6 colors...
Generated 5x5 in 0.02s - Difficulty: 150
Generating puzzle size 5x5 with 6 colors...
Generated 5x5 in 0.03s - Difficulty: 180
Generating puzzle size 5x5 with 5 colors...
Generated 5x5 in 0.10s - Difficulty: 175
Generating puzzle size 5x5 with 6 colors...
Generated 5x5 in 0.02s - Difficulty: 210
Generating puzzle size 5x5 with 5 colors...
Generated 5x5 in 0.12s - Difficulty: 150
Generating puzzle size 5x5 with 5 colors...
Generated 5x5 in 0.03s - Difficulty: 100
Generating puzzle size 5x5 with 4 colors...
Generated 5x5 in 0.02s - Difficulty: 100
Generating puzzle size 5x5 with 5 colors...
Generated 5x5 in 0.03s - Difficulty: 175
Generating puzzle size 5x5 with 5 colors...
Generated 5x5 in 0.05s - Difficulty: 125
Generating puzzle size 5x5 with 3 colors...
Generated 5x5 in 0.18s - Difficulty: 90
Generating puzzle size 5x5 with 3 colors...
Generated 5x5 in 0.07s - Difficulty: 150
Generating puzzle size 5x5 with 3 colors...
Generated 5x5 in 0.28s - Difficulty: 90
Generating puzzle size 5x5 with 3 colors...
Generated 5x5 in 0.16s - Difficulty: 105
Generating puzzle size 5x5 with 3 colors...
Generated 5x5 in 0.25s - Difficulty: 90
Generating puzzle size 5x5 with 6 colors...
Generated 5x5 in 0.00s - Difficulty: 150
Generating puzzle size 5x5 with 6 colors...
Generated 5x5 in 0.00s - Difficulty: 120
Generating puzzle size 5x5 with 6 colors...
Generated 5x5 in 0.01s - Difficulty: 150
Generating puzzle size 5x5 with 6 colors...
Generated 5x5 in 0.02s - Difficulty: 150
Generating puzzle size 5x5 with 4 colors...
Generated 5x5 in 0.01s - Difficulty: 100
Generating puzzle size 5x5 with 6 colors...
Generated 5x5 in 0.01s - Difficulty: 120
Generating puzzle size 5x5 with 4 colors...
Generated 5x5 in 0.03s - Difficulty: 180
Generating puzzle size 5x5 with 6 colors...
Generated 5x5 in 0.01s - Difficulty: 210
Generating puzzle size 5x5 with 6 colors...
Generated 5x5 in 0.03s - Difficulty: 180
Generating puzzle size 5x5 with 3 colors...
Generated 5x5 in 0.04s - Difficulty: 150
Generating puzzle size 5x5 with 3 colors...
Generated 5x5 in 0.30s - Difficulty: 105
Generating puzzle size 5x5 with 4 colors...
Generated 5x5 in 0.03s - Difficulty: 140
Generating puzzle size 5x5 with 4 colors...
Generated 5x5 in 0.02s - Difficulty: 160
Generating puzzle size 5x5 with 4 colors...
Generated 5x5 in 0.02s - Difficulty: 160
Generating puzzle size 5x5 with 6 colors...
Generated 5x5 in 0.01s - Difficulty: 60
Generating puzzle size 5x5 with 4 colors...
Generated 5x5 in 0.24s - Difficulty: 180
Generating puzzle size 5x5 with 4 colors...
Generated 5x5 in 0.02s - Difficulty: 140
Generating puzzle size 5x5 with 3 colors...
Generated 5x5 in 0.55s - Difficulty: 105
Generating puzzle size 5x5 with 6 colors...
Generated 5x5 in 0.01s - Difficulty: 150
Generating puzzle size 5x5 with 5 colors...
Generated 5x5 in 0.01s - Difficulty: 125
Generating puzzle size 5x5 with 6 colors...
Generated 5x5 in 0.01s - Difficulty: 120
Generating puzzle size 5x5 with 5 colors...
Generated 5x5 in 0.01s - Difficulty: 225
Generating puzzle size 5x5 with 5 colors...
Generated 5x5 in 0.01s - Difficulty: 175
Generating puzzle size 5x5 with 6 colors...
Generated 5x5 in 0.01s - Difficulty: 120
Generating puzzle size 5x5 with 6 colors...
Generated 5x5 in 0.02s - Difficulty: 120
Generating puzzle size 5x5 with 3 colors...
Generated 5x5 in 0.48s - Difficulty: 90
Generating puzzle size 5x5 with 5 colors...
Generated 5x5 in 0.00s - Difficulty: 225
Generating puzzle size 5x5 with 6 colors...
Generated 5x5 in 0.01s - Difficulty: 180
Generating puzzle size 5x5 with 4 colors...
Generated 5x5 in 0.02s - Difficulty: 140
Generating puzzle size 5x5 with 6 colors...
Generated 5x5 in 0.00s - Difficulty: 90
Generating puzzle size 5x5 with 5 colors...
Generated 5x5 in 0.04s - Difficulty: 175
Generating puzzle size 5x5 with 4 colors...
Generated 5x5 in 0.02s - Difficulty: 120
Generating puzzle size 5x5 with 3 colors...
Generated 5x5 in 0.52s - Difficulty: 60
Generating puzzle size 5x5 with 6 colors...
Generated 5x5 in 0.01s - Difficulty: 150
Generating puzzle size 5x5 with 4 colors...
Generated 5x5 in 0.16s - Difficulty: 100
Generating puzzle size 5x5 with 5 colors...
Generated 5x5 in 0.04s - Difficulty: 100
Generating puzzle size 5x5 with 5 colors...
Generated 5x5 in 0.04s - Difficulty: 75
Generating puzzle size 5x5 with 5 colors...
Generated 5x5 in 0.03s - Difficulty: 150
Generating puzzle size 5x5 with 6 colors...
Generated 5x5 in 0.00s - Difficulty: 270
Generating puzzle size 5x5 with 6 colors...
Generated 5x5 in 0.01s - Difficulty: 240
Generating puzzle size 5x5 with 4 colors...
Generated 5x5 in 0.13s - Difficulty: 140
Generating puzzle size 5x5 with 3 colors...
Generated 5x5 in 0.53s - Difficulty: 75
Generating puzzle size 5x5 with 6 colors...
Generated 5x5 in 0.02s - Difficulty: 210
Generating puzzle size 5x5 with 6 colors...
Generated 5x5 in 0.01s - Difficulty: 90
Generating puzzle size 5x5 with 3 colors...
Generated 5x5 in 0.48s - Difficulty: 90
Generating puzzle size 5x5 with 6 colors...
Generated 5x5 in 0.01s - Difficulty: 120
Generating puzzle size 5x5 with 5 colors...
Generated 5x5 in 0.02s - Difficulty: 175
Generating puzzle size 5x5 with 6 colors...
Generated 5x5 in 0.01s - Difficulty: 240
Generating puzzle size 5x5 with 3 colors...
Generated 5x5 in 0.30s - Difficulty: 105
Generating puzzle size 5x5 with 4 colors...
Generated 5x5 in 0.01s - Difficulty: 160
Generating puzzle size 5x5 with 4 colors...
Generated 5x5 in 0.10s - Difficulty: 140
Generating puzzle size 5x5 with 6 colors...
Generated 5x5 in 0.03s - Difficulty: 210
Generating puzzle size 5x5 with 3 colors...
Generated 5x5 in 0.32s - Difficulty: 150
Generating puzzle size 5x5 with 4 colors...
Generated 5x5 in 0.27s - Difficulty: 100
Generating puzzle size 5x5 with 5 colors...
Generated 5x5 in 0.02s - Difficulty: 150
Generating puzzle size 5x5 with 6 colors...
Generated 5x5 in 0.00s - Difficulty: 180
Generating puzzle size 5x5 with 6 colors...
Generated 5x5 in 0.01s - Difficulty: 120
Generating puzzle size 5x5 with 3 colors...
Generated 5x5 in 0.24s - Difficulty: 150
Generating puzzle size 5x5 with 5 colors...
Generated 5x5 in 0.01s - Difficulty: 150
Generating puzzle size 5x5 with 4 colors...
Generated 5x5 in 0.02s - Difficulty: 160
Generating puzzle size 5x5 with 5 colors...
Generated 5x5 in 0.00s - Difficulty: 150
Generating puzzle size 5x5 with 3 colors...
Generated 5x5 in 0.12s - Difficulty: 150
Generating puzzle size 5x5 with 4 colors...
Generated 5x5 in 0.12s - Difficulty: 180
Generating puzzle size 5x5 with 6 colors...
Generated 5x5 in 0.01s - Difficulty: 90
Generating puzzle size 5x5 with 4 colors...
Generated 5x5 in 0.23s - Difficulty: 140
Generating puzzle size 5x5 with 3 colors...
Generated 5x5 in 0.20s - Difficulty: 105
Generating puzzle size 5x5 with 5 colors...
Generated 5x5 in 0.01s - Difficulty: 200
Generating puzzle size 5x5 with 4 colors...
Generated 5x5 in 0.04s - Difficulty: 140
Generating puzzle size 5x5 with 6 colors...
Generated 5x5 in 0.02s - Difficulty: 180
Generating puzzle size 5x5 with 4 colors...
Generated 5x5 in 0.18s - Difficulty: 80
Generating puzzle size 5x5 with 4 colors...
Generated 5x5 in 0.19s - Difficulty: 140
Generating puzzle size 5x5 with 4 colors...
Generated 5x5 in 0.02s - Difficulty: 180
Generating puzzle size 5x5 with 3 colors...
Generated 5x5 in 0.14s - Difficulty: 75
Generating puzzle size 5x5 with 6 colors...
Generated 5x5 in 0.01s - Difficulty: 180
Generating puzzle size 5x5 with 4 colors...
Generated 5x5 in 0.04s - Difficulty: 160
Generating puzzle size 5x5 with 6 colors...
Generated 5x5 in 0.01s - Difficulty: 180
Generating puzzle size 5x5 with 5 colors...
Generated 5x5 in 0.01s - Difficulty: 175
Generating puzzle size 5x5 with 6 colors...
Generated 5x5 in 0.00s - Difficulty: 210
Generating puzzle size 5x5 with 5 colors...
Generated 5x5 in 0.06s - Difficulty: 175
Generating puzzle size 5x5 with 4 colors...
Generated 5x5 in 0.08s - Difficulty: 140
Generating puzzle size 5x5 with 5 colors...
Generated 5x5 in 0.01s - Difficulty: 100
Generating puzzle size 5x5 with 4 colors...
Generated 5x5 in 0.00s - Difficulty: 150
Generating puzzle size 5x5 with 5 colors...
Generated 5x5 in 0.03s - Difficulty: 150
Generating puzzle size 5x5 with 4 colors...
Generated 5x5 in 0.17s - Difficulty: 140
Generating puzzle size 5x5 with 6 colors...
Generated 5x5 in 0.03s - Difficulty: 150
Generating puzzle size 5x5 with 5 colors...
Generated 5x5 in 0.01s - Difficulty: 100
Generating puzzle size 5x5 with 4 colors...
Generated 5x5 in 0.24s - Difficulty: 160
Generating puzzle size 5x5 with 3 colors...
Generated 5x5 in 0.83s - Difficulty: 90
Generating puzzle size 5x5 with 4 colors...
Generated 5x5 in 0.23s - Difficulty: 100
Generating puzzle size 5x5 with 4 colors...
Generated 5x5 in 0.12s - Difficulty: 160
Generating puzzle size 5x5 with 3 colors...
Generated 5x5 in 0.07s - Difficulty: 105
Generating puzzle size 5x5 with 6 colors...
Generated 5x5 in 0.01s - Difficulty: 210
Generating puzzle size 5x5 with 3 colors...
Generated 5x5 in 0.39s - Difficulty: 150
Generating puzzle size 5x5 with 5 colors...
Generated 5x5 in 0.06s - Difficulty: 175
Generating puzzle size 5x5 with 5 colors...
Generated 5x5 in 0.02s - Difficulty: 100
Generating puzzle size 5x5 with 3 colors...
Generated 5x5 in 0.04s - Difficulty: 150
Generating puzzle size 5x5 with 5 colors...
Generated 5x5 in 0.04s - Difficulty: 150
Generating puzzle size 5x5 with 6 colors...
Generated 5x5 in 0.02s - Difficulty: 180
Generating puzzle size 5x5 with 6 colors...
Generated 5x5 in 0.01s - Difficulty: 150
Generating puzzle size 5x5 with 4 colors...
Generated 5x5 in 0.39s - Difficulty: 120
Generating puzzle size 5x5 with 4 colors...
Generated 5x5 in 0.05s - Difficulty: 160
Generating puzzle size 5x5 with 5 colors...
Generated 5x5 in 0.03s - Difficulty: 125
Generating puzzle size 5x5 with 3 colors...
Generated 5x5 in 0.09s - Difficulty: 105
Generating puzzle size 5x5 with 4 colors...
Generated 5x5 in 0.10s - Difficulty: 140
Generating puzzle size 5x5 with 3 colors...
Generated 5x5 in 0.20s - Difficulty: 105
Generating puzzle size 5x5 with 3 colors...
Generated 5x5 in 0.03s - Difficulty: 90
Generating puzzle size 5x5 with 4 colors...
Generated 5x5 in 0.01s - Difficulty: 160
Generating puzzle size 5x5 with 3 colors...
Generated 5x5 in 0.16s - Difficulty: 90
Generating puzzle size 5x5 with 6 colors...
Generated 5x5 in 0.01s - Difficulty: 90
Generating puzzle size 5x5 with 5 colors...
Generated 5x5 in 0.03s - Difficulty: 200
Generating puzzle size 5x5 with 4 colors...
Generated 5x5 in 0.02s - Difficulty: 200
Generating puzzle size 5x5 with 4 colors...
Generated 5x5 in 0.02s - Difficulty: 120
Generating puzzle size 5x5 with 4 colors...
Generated 5x5 in 0.01s - Difficulty: 140
Generating puzzle size 5x5 with 3 colors...
Generated 5x5 in 0.02s - Difficulty: 90
Generating puzzle size 5x5 with 3 colors...
Generated 5x5 in 0.04s - Difficulty: 105
Generating puzzle size 5x5 with 5 colors...
Generated 5x5 in 0.01s - Difficulty: 125
Generating puzzle size 5x5 with 6 colors...
Generated 5x5 in 0.00s - Difficulty: 180
Generating puzzle size 5x5 with 3 colors...
Generated 5x5 in 0.02s - Difficulty: 105
Generating puzzle size 5x5 with 4 colors...
Generated 5x5 in 0.09s - Difficulty: 140
Generating puzzle size 5x5 with 5 colors...
Generated 5x5 in 0.04s - Difficulty: 175
Generating puzzle size 5x5 with 6 colors...
Generated 5x5 in 0.00s - Difficulty: 240
Generating puzzle size 5x5 with 3 colors...
Generated 5x5 in 0.05s - Difficulty: 135
Generating puzzle size 5x5 with 4 colors...
Generated 5x5 in 0.04s - Difficulty: 160
Generating puzzle size 5x5 with 6 colors...
Generated 5x5 in 0.01s - Difficulty: 210
Generating puzzle size 5x5 with 4 colors...
Generated 5x5 in 0.01s - Difficulty: 160
Generating puzzle size 5x5 with 3 colors...
Generated 5x5 in 0.10s - Difficulty: 105
Generating puzzle size 5x5 with 4 colors...
Generated 5x5 in 0.24s - Difficulty: 180
Generating puzzle size 5x5 with 6 colors...
Generated 5x5 in 0.05s - Difficulty: 210
Generating puzzle size 5x5 with 4 colors...
Generated 5x5 in 0.10s - Difficulty: 160
Generating puzzle size 5x5 with 6 colors...
Generated 5x5 in 0.02s - Difficulty: 300
Generating puzzle size 5x5 with 3 colors...
Generated 5x5 in 0.27s - Difficulty: 105
Generating puzzle size 5x5 with 4 colors...
Generated 5x5 in 0.16s - Difficulty: 120
Generating puzzle size 5x5 with 4 colors...
Generated 5x5 in 0.05s - Difficulty: 120
Generating puzzle size 5x5 with 6 colors...
Generated 5x5 in 0.01s - Difficulty: 150
Generating puzzle size 5x5 with 5 colors...
Generated 5x5 in 0.01s - Difficulty: 150
Generating puzzle size 5x5 with 5 colors...
Generated 5x5 in 0.02s - Difficulty: 175
Generating puzzle size 5x5 with 3 colors...
Generated 5x5 in 0.27s - Difficulty: 105
Generating puzzle size 5x5 with 6 colors...
Generated 5x5 in 0.00s - Difficulty: 180
Generating puzzle size 5x5 with 4 colors...
Generated 5x5 in 0.07s - Difficulty: 140
Generating puzzle size 5x5 with 6 colors...
Generated 5x5 in 0.00s - Difficulty: 210
Generating puzzle size 5x5 with 6 colors...
Generated 5x5 in 0.01s - Difficulty: 210
Generating puzzle size 5x5 with 3 colors...
Generated 5x5 in 0.11s - Difficulty: 90
Generating puzzle size 5x5 with 6 colors...
Generated 5x5 in 0.02s - Difficulty: 180
Generating puzzle size 5x5 with 4 colors...
Generated 5x5 in 0.06s - Difficulty: 120
Generating puzzle size 5x5 with 4 colors...
Generated 5x5 in 0.01s - Difficulty: 80
Generating puzzle size 5x5 with 6 colors...
Generated 5x5 in 0.01s - Difficulty: 180
Generating puzzle size 5x5 with 3 colors...
Generated 5x5 in 0.05s - Difficulty: 105
Generating puzzle size 5x5 with 4 colors...
Generated 5x5 in 0.27s - Difficulty: 140
Generating puzzle size 5x5 with 4 colors...
Generated 5x5 in 0.11s - Difficulty: 100
Generating puzzle size 5x5 with 5 colors...
Generated 5x5 in 0.05s - Difficulty: 200
Generating puzzle size 5x5 with 4 colors...
Generated 5x5 in 0.06s - Difficulty: 180
Generating puzzle size 5x5 with 3 colors...
Generated 5x5 in 0.58s - Difficulty: 60
Generating puzzle size 5x5 with 6 colors...
Generated 5x5 in 0.01s - Difficulty: 120
Generating puzzle size 5x5 with 3 colors...
Generated 5x5 in 0.21s - Difficulty: 105
Generating puzzle size 5x5 with 5 colors...
Generated 5x5 in 0.02s - Difficulty: 175
Generating puzzle size 5x5 with 5 colors...
Generated 5x5 in 0.01s - Difficulty: 175
Generating puzzle size 5x5 with 5 colors...
Generated 5x5 in 0.00s - Difficulty: 200
Generating puzzle size 5x5 with 6 colors...
Generated 5x5 in 0.01s - Difficulty: 210
Generating puzzle size 5x5 with 6 colors...
Generated 5x5 in 0.00s - Difficulty: 120
Generating puzzle size 5x5 with 3 colors...
Generated 5x5 in 0.03s - Difficulty: 75
Generating puzzle size 5x5 with 4 colors...
Generated 5x5 in 0.07s - Difficulty: 220
Generating puzzle size 5x5 with 3 colors...
Generated 5x5 in 0.34s - Difficulty: 135
Generating puzzle size 5x5 with 5 colors...
Generated 5x5 in 0.02s - Difficulty: 175
Generating puzzle size 5x5 with 6 colors...
Generated 5x5 in 0.01s - Difficulty: 60
Generating puzzle size 5x5 with 6 colors...
Generated 5x5 in 0.01s - Difficulty: 120
Generating puzzle size 5x5 with 6 colors...
Generated 5x5 in 0.01s - Difficulty: 210
Generating puzzle size 5x5 with 3 colors...
Generated 5x5 in 0.04s - Difficulty: 105
Generating puzzle size 5x5 with 4 colors...
Generated 5x5 in 0.05s - Difficulty: 120
Generating puzzle size 5x5 with 4 colors...
Generated 5x5 in 0.31s - Difficulty: 160
Generating puzzle size 5x5 with 6 colors...
Generated 5x5 in 0.02s - Difficulty: 150
Generating puzzle size 5x5 with 6 colors...
Generated 5x5 in 0.01s - Difficulty: 180
Generating puzzle size 5x5 with 3 colors...
Generated 5x5 in 0.61s - Difficulty: 120
Generating puzzle size 5x5 with 6 colors...
Generated 5x5 in 0.01s - Difficulty: 180
Generating puzzle size 5x5 with 6 colors...
Generated 5x5 in 0.02s - Difficulty: 240
Generating puzzle size 5x5 with 5 colors...
Generated 5x5 in 0.03s - Difficulty: 100
Generating puzzle size 5x5 with 5 colors...
Generated 5x5 in 0.01s - Difficulty: 175
Generating puzzle size 5x5 with 4 colors...
Generated 5x5 in 0.04s - Difficulty: 120
Generating puzzle size 5x5 with 6 colors...
Generated 5x5 in 0.01s - Difficulty: 150

Generated 5x5 in 0.01s - Difficulty: 120
Generating puzzle size 5x5 with 6 colors...
Generated 5x5 in 0.01s - Difficulty: 120
Generating puzzle size 5x5 with 3 colors...
Generated 5x5 in 0.01s - Difficulty: 105
Generating puzzle size 5x5 with 3 colors...
Generated 5x5 in 0.75s - Difficulty: 120
Generating puzzle size 5x5 with 5 colors...
Generated 5x5 in 0.01s - Difficulty: 250
Generating puzzle size 5x5 with 5 colors...
Generated 5x5 in 0.00s - Difficulty: 150
Generating puzzle size 5x5 with 5 colors...
Generated 5x5 in 0.05s - Difficulty: 125
Generating puzzle size 5x5 with 3 colors...
Generated 5x5 in 0.48s - Difficulty: 105
Generating puzzle size 5x5 with 5 colors...
Generated 5x5 in 0.04s - Difficulty: 200
Generating puzzle size 5x5 with 4 colors...
Generated 5x5 in 0.03s - Difficulty: 160
Generating puzzle size 5x5 with 4 colors...
Generated 5x5 in 0.11s - Difficulty: 120
Generating puzzle size 5x5 with 5 colors...
Generated 5x5 in 0.05s - Difficulty: 125
Generating puzzle size 5x5 with 6 colors...
Generated 5x5 in 0.01s - Difficulty: 210
Generating puzzle size 5x5 with 5 colors...
Generated 5x5 in 0.02s - Difficulty: 150
Generating puzzle size 5x5 with 4 colors...
Generated 5x5 in 0.03s - Difficulty: 140
Generating puzzle size 5x5 with 5 colors...
Generated 5x5 in 0.09s - Difficulty: 200
Generating puzzle size 5x5 with 3 colors...
Generated 5x5 in 0.32s - Difficulty: 75
Generating puzzle size 5x5 with 4 colors...
Generated 5x5 in 0.18s - Difficulty: 160
Generating puzzle size 5x5 with 5 colors...
Generated 5x5 in 0.01s - Difficulty: 150
Generating puzzle size 5x5 with 6 colors...
Generated 5x5 in 0.01s - Difficulty: 180
Generating puzzle size 5x5 with 3 colors...
Generated 5x5 in 0.30s - Difficulty: 135
Generating puzzle size 5x5 with 5 colors...
Generated 5x5 in 0.01s - Difficulty: 250
Generating puzzle size 5x5 with 5 colors...
Generated 5x5 in 0.01s - Difficulty: 150
Generating puzzle size 5x5 with 5 colors...
Generated 5x5 in 0.06s - Difficulty: 150
Generating puzzle size 5x5 with 6 colors...
Generated 5x5 in 0.01s - Difficulty: 180
Generating puzzle size 5x5 with 3 colors...
Generated 5x5 in 0.81s - Difficulty: 75
Generating puzzle size 5x5 with 3 colors...
Generated 5x5 in 0.98s - Difficulty: 105
Generating puzzle size 5x5 with 4 colors...
Generated 5x5 in 0.05s - Difficulty: 100
Generating puzzle size 5x5 with 5 colors...
Generated 5x5 in 0.03s - Difficulty: 200
Generating puzzle size 5x5 with 5 colors...
Generated 5x5 in 0.03s - Difficulty: 175
Generating puzzle size 5x5 with 6 colors...
Generated 5x5 in 0.01s - Difficulty: 210
Generating puzzle size 5x5 with 6 colors...
Generated 5x5 in 0.02s - Difficulty: 180
Generating puzzle size 5x5 with 6 colors...
Generated 5x5 in 0.02s - Difficulty: 150
Generating puzzle size 5x5 with 4 colors...
Generated 5x5 in 0.07s - Difficulty: 120
Generating puzzle size 5x5 with 5 colors...
Generated 5x5 in 0.01s - Difficulty: 200
Generating puzzle size 5x5 with 6 colors...
Generated 5x5 in 0.01s - Difficulty: 150
Generating puzzle size 5x5 with 5 colors...
Generated 5x5 in 0.02s - Difficulty: 75
Generating puzzle size 5x5 with 6 colors...
Generated 5x5 in 0.02s - Difficulty: 180
Generating puzzle size 5x5 with 6 colors...
Generated 5x5 in 0.03s - Difficulty: 180
Generating puzzle size 5x5 with 3 colors...
Generated 5x5 in 0.39s - Difficulty: 150
Generating puzzle size 5x5 with 5 colors...
Generated 5x5 in 0.01s - Difficulty: 125
Generating puzzle size 5x5 with 6 colors...
Generated 5x5 in 0.01s - Difficulty: 180
Generating puzzle size 5x5 with 4 colors...
Generated 5x5 in 0.07s - Difficulty: 140
Generating puzzle size 5x5 with 6 colors...
Generated 5x5 in 0.01s - Difficulty: 180
Generating puzzle size 5x5 with 3 colors...
Generated 5x5 in 0.28s - Difficulty: 90
Generating puzzle size 5x5 with 4 colors...
Generated 5x5 in 0.31s - Difficulty: 120
Generating puzzle size 5x5 with 6 colors...
Generated 5x5 in 0.01s - Difficulty: 180
Generating puzzle size 5x5 with 5 colors...
Generated 5x5 in 0.01s - Difficulty: 150
Generating puzzle size 5x5 with 3 colors...
Generated 5x5 in 0.11s - Difficulty: 75
Generating puzzle size 5x5 with 4 colors...
Generated 5x5 in 0.10s - Difficulty: 100
Generating puzzle size 5x5 with 5 colors...
Generated 5x5 in 0.02s - Difficulty: 250
Generating puzzle size 5x5 with 5 colors...
Generated 5x5 in 0.06s - Difficulty: 175
Generating puzzle size 5x5 with 6 colors...
Generated 5x5 in 0.04s - Difficulty: 90
Generating puzzle size 5x5 with 6 colors...
Generated 5x5 in 0.01s - Difficulty: 210
Generating puzzle size 5x5 with 6 colors...
Generated 5x5 in 0.02s - Difficulty: 180
Generating puzzle size 5x5 with 4 colors...
Generated 5x5 in 0.11s - Difficulty: 120
Generating puzzle size 5x5 with 3 colors...
Generated 5x5 in 0.38s - Difficulty: 150
Generating puzzle size 5x5 with 5 colors...
Generated 5x5 in 0.02s - Difficulty: 150
Generating puzzle size 5x5 with 3 colors...
Generated 5x5 in 1.18s - Difficulty: 90
Generating puzzle size 5x5 with 6 colors...
Generated 5x5 in 0.00s - Difficulty: 150
Generating puzzle size 5x5 with 4 colors...
Generated 5x5 in 0.09s - Difficulty: 120
Generating puzzle size 5x5 with 6 colors...
Generated 5x5 in 0.00s - Difficulty: 180
Generating puzzle size 5x5 with 4 colors...
Generated 5x5 in 0.16s - Difficulty: 120
Generating puzzle size 5x5 with 5 colors...
Generated 5x5 in 0.00s - Difficulty: 100
Generating puzzle size 5x5 with 5 colors...
Generated 5x5 in 0.01s - Difficulty: 150
Generating puzzle size 5x5 with 4 colors...
Generated 5x5 in 0.01s - Difficulty: 140
Generating puzzle size 5x5 with 3 colors...
Generated 5x5 in 0.02s - Difficulty: 150
Generating puzzle size 5x5 with 4 colors...
Generated 5x5 in 0.01s - Difficulty: 140
Generating puzzle size 5x5 with 5 colors...
Generated 5x5 in 0.01s - Difficulty: 125
Generating puzzle size 5x5 with 3 colors...
Generated 5x5 in 0.27s - Difficulty: 90
Generating puzzle size 5x5 with 5 colors...
Generated 5x5 in 0.04s - Difficulty: 200
Generating puzzle size 5x5 with 4 colors...
Generated 5x5 in 0.06s - Difficulty: 80
Generating puzzle size 5x5 with 4 colors...
Generated 5x5 in 0.12s - Difficulty: 100
Generating puzzle size 5x5 with 4 colors...
Generated 5x5 in 0.26s - Difficulty: 200
Generating puzzle size 5x5 with 3 colors...
Generated 5x5 in 0.34s - Difficulty: 120
Generating puzzle size 5x5 with 4 colors...
Generated 5x5 in 0.24s - Difficulty: 140
Generating puzzle size 5x5 with 4 colors...
Generated 5x5 in 0.01s - Difficulty: 140
Generating puzzle size 5x5 with 5 colors...
Generated 5x5 in 0.05s - Difficulty: 125
Generating puzzle size 5x5 with 6 colors...
Generated 5x5 in 0.01s - Difficulty: 210
Generating puzzle size 5x5 with 3 colors...
Generated 5x5 in 0.23s - Difficulty: 105
Generating puzzle size 5x5 with 6 colors...
Generated 5x5 in 0.01s - Difficulty: 90
Generating puzzle size 5x5 with 5 colors...
Generated 5x5 in 0.02s - Difficulty: 175
Generating puzzle size 5x5 with 5 colors...
Generated 5x5 in 0.12s - Difficulty: 125
Generating puzzle size 5x5 with 5 colors...
Generated 5x5 in 0.06s - Difficulty: 200
Generating puzzle size 5x5 with 4 colors...
Generated 5x5 in 0.12s - Difficulty: 140
Generating puzzle size 5x5 with 5 colors...
Generated 5x5 in 0.01s - Difficulty: 125
Generating puzzle size 5x5 with 3 colors...
Generated 5x5 in 0.12s - Difficulty: 90
Generating puzzle size 5x5 with 4 colors...
Generated 5x5 in 0.04s - Difficulty: 140
Generating puzzle size 5x5 with 3 colors...
Generated 5x5 in 0.08s - Difficulty: 150
Generating puzzle size 5x5 with 4 colors...
Generated 5x5 in 0.08s - Difficulty: 160
Generating puzzle size 5x5 with 6 colors...
Generated 5x5 in 0.01s - Difficulty: 180
Generating puzzle size 5x5 with 5 colors...
Generated 5x5 in 0.01s - Difficulty: 175
Generating puzzle size 6x6 with 5 colors...
Generated 6x6 in 1.42s - Difficulty: 360
Generating puzzle size 6x6 with 7 colors...
Generated 6x6 in 0.04s - Difficulty: 462
Generating puzzle size 6x6 with 7 colors...
Generated 6x6 in 0.34s - Difficulty: 504
Generating puzzle size 6x6 with 6 colors...
Generated 6x6 in 0.85s - Difficulty: 288
Generating puzzle size 6x6 with 7 colors...
Generated 6x6 in 0.10s - Difficulty: 210
Generating puzzle size 6x6 with 6 colors...
Generating puzzle size 5x5 with 5 colors...
Generated 5x5 in 0.01s - Difficulty: 125
Generating puzzle size 5x5 with 6 colors...
Generated 5x5 in 0.03s - Difficulty: 120
Generating puzzle size 5x5 with 5 colors...
Generated 5x5 in 0.00s - Difficulty: 150
Generating puzzle size 5x5 with 4 colors...
Generated 5x5 in 0.01s - Difficulty: 60
Generating puzzle size 5x5 with 5 colors...
Generated 5x5 in 0.04s - Difficulty: 200
Generating puzzle size 5x5 with 5 colors...
Generated 5x5 in 0.01s - Difficulty: 150
Generating puzzle size 5x5 with 3 colors...
Generated 5x5 in 1.52s - Difficulty: 90
Generating puzzle size 5x5 with 5 colors...
Generated 5x5 in 0.00s - Difficulty: 150
Generating puzzle size 5x5 with 5 colors...
Generated 5x5 in 0.00s - Difficulty: 125
Generating puzzle size 5x5 with 3 colors...
Generated 5x5 in 0.04s - Difficulty: 150
Generating puzzle size 5x5 with 4 colors...
Generated 5x5 in 0.04s - Difficulty: 160
Generating puzzle size 5x5 with 4 colors...
Generated 5x5 in 0.06s - Difficulty: 140
Generating puzzle size 5x5 with 6 colors...
Generated 5x5 in 0.00s - Difficulty: 150
Generating puzzle size 5x5 with 6 colors...
Generated 5x5 in 0.00s - Difficulty: 150
Generating puzzle size 5x5 with 3 colors...
Generated 5x5 in 0.85s - Difficulty: 105
Generating puzzle size 5x5 with 3 colors...
Generated 5x5 in 0.48s - Difficulty: 90
Generating puzzle size 5x5 with 5 colors...
Generated 5x5 in 0.01s - Difficulty: 175
Generating puzzle size 5x5 with 3 colors...
Generated 5x5 in 0.11s - Difficulty: 75
Generating puzzle size 5x5 with 4 colors...
Generated 5x5 in 0.01s - Difficulty: 180
Generating puzzle size 5x5 with 5 colors...
Generated 5x5 in 0.02s - Difficulty: 100
Generating puzzle size 5x5 with 6 colors...
Generated 5x5 in 0.00s - Difficulty: 210
Generating puzzle size 5x5 with 4 colors...
Generated 5x5 in 0.01s - Difficulty: 140
Generating puzzle size 5x5 with 4 colors...
Generated 5x5 in 0.06s - Difficulty: 140
Generating puzzle size 5x5 with 4 colors...
Generated 5x5 in 0.04s - Difficulty: 140
Generating puzzle size 5x5 with 4 colors...
Generated 5x5 in 0.38s - Difficulty: 160
Generating puzzle size 5x5 with 3 colors...
Generated 5x5 in 0.26s - Difficulty: 120
Generating puzzle size 5x5 with 5 colors...
Generated 5x5 in 0.01s - Difficulty: 125
Generating puzzle size 5x5 with 3 colors...
Generated 5x5 in 0.11s - Difficulty: 150
Generating puzzle size 5x5 with 3 colors...
Generated 5x5 in 0.24s - Difficulty: 105
Generating puzzle size 5x5 with 4 colors...
Generated 5x5 in 0.07s - Difficulty: 100
Generating puzzle size 5x5 with 4 colors...
Generated 5x5 in 0.01s - Difficulty: 120
Generating puzzle size 5x5 with 6 colors...
Generated 5x5 in 0.03s - Difficulty: 120
Generating puzzle size 5x5 with 4 colors...
Generated 5x5 in 0.35s - Difficulty: 120
Generating puzzle size 5x5 with 4 colors...
Generated 5x5 in 0.12s - Difficulty: 100
Generating puzzle size 5x5 with 6 colors...
Generated 5x5 in 0.02s - Difficulty: 210
Generating puzzle size 5x5 with 3 colors...
Generated 5x5 in 0.16s - Difficulty: 105
Generating puzzle size 5x5 with 6 colors...
Generated 5x5 in 0.01s - Difficulty: 120
Generating puzzle size 5x5 with 4 colors...
Generated 5x5 in 0.10s - Difficulty: 200
Generating puzzle size 5x5 with 4 colors...
Generated 5x5 in 0.03s - Difficulty: 140
Generating puzzle size 5x5 with 3 colors...
Generated 5x5 in 0.71s - Difficulty: 135
Generating puzzle size 5x5 with 6 colors...
Generated 5x5 in 0.01s - Difficulty: 210
Generating puzzle size 5x5 with 3 colors...
Generated 5x5 in 0.20s - Difficulty: 90
Generating puzzle size 5x5 with 3 colors...
Generated 5x5 in 0.18s - Difficulty: 75
Generating puzzle size 5x5 with 3 colors...
Generated 5x5 in 0.54s - Difficulty: 105
Generating puzzle size 5x5 with 5 colors...
Generated 5x5 in 0.01s - Difficulty: 150
Generating puzzle size 5x5 with 6 colors...
Generated 5x5 in 0.04s - Difficulty: 240
Generating puzzle size 5x5 with 5 colors...
Generated 5x5 in 0.02s - Difficulty: 150
Generating puzzle size 5x5 with 4 colors...
Generated 5x5 in 0.02s - Difficulty: 140
Generating puzzle size 5x5 with 3 colors...
Generated 5x5 in 0.80s - Difficulty: 105
Generating puzzle size 5x5 with 5 colors...
Generated 5x5 in 0.03s - Difficulty: 100
Generating puzzle size 5x5 with 4 colors...
Generated 5x5 in 0.16s - Difficulty: 120
Generating puzzle size 5x5 with 5 colors...
Generated 5x5 in 0.06s - Difficulty: 125
Generating puzzle size 5x5 with 5 colors...
Generated 5x5 in 0.02s - Difficulty: 150
Generating puzzle size 5x5 with 6 colors...
Generated 5x5 in 0.01s - Difficulty: 210
Generating puzzle size 5x5 with 4 colors...
Generated 5x5 in 0.36s - Difficulty: 120
Generating puzzle size 5x5 with 6 colors...
Generated 5x5 in 0.01s - Difficulty: 150
Generating puzzle size 5x5 with 5 colors...
Generated 5x5 in 0.02s - Difficulty: 150
Generating puzzle size 5x5 with 6 colors...
Generated 5x5 in 0.00s - Difficulty: 150
Generating puzzle size 5x5 with 6 colors...
Generated 5x5 in 0.03s - Difficulty: 210
Generating puzzle size 5x5 with 4 colors...
Generated 5x5 in 0.02s - Difficulty: 180
Generating puzzle size 5x5 with 3 colors...
Generated 5x5 in 0.06s - Difficulty: 75
Generating puzzle size 5x5 with 4 colors...
Generated 5x5 in 0.04s - Difficulty: 160
Generating puzzle size 5x5 with 6 colors...
Generated 5x5 in 0.02s - Difficulty: 180
Generating puzzle size 5x5 with 3 colors...
Generated 5x5 in 0.21s - Difficulty: 105
Generating puzzle size 5x5 with 4 colors...
Generated 5x5 in 0.11s - Difficulty: 120
Generating puzzle size 5x5 with 5 colors...
Generated 5x5 in 0.04s - Difficulty: 100
Generating puzzle size 5x5 with 3 colors...
Generated 5x5 in 0.66s - Difficulty: 90
Generating puzzle size 5x5 with 3 colors...
Generated 5x5 in 0.16s - Difficulty: 60
Generating puzzle size 5x5 with 3 colors...
Generated 5x5 in 0.25s - Difficulty: 75
Generating puzzle size 5x5 with 4 colors...
Generated 5x5 in 0.24s - Difficulty: 120
Generating puzzle size 5x5 with 5 colors...
Generated 5x5 in 0.10s - Difficulty: 150
Generating puzzle size 5x5 with 6 colors...
Generated 5x5 in 0.03s - Difficulty: 120
Generating puzzle size 5x5 with 5 colors...
Generated 5x5 in 0.05s - Difficulty: 150
Generating puzzle size 5x5 with 6 colors...
Generated 5x5 in 0.02s - Difficulty: 180
Generating puzzle size 5x5 with 3 colors...
Generated 5x5 in 0.09s - Difficulty: 90
Generating puzzle size 5x5 with 5 colors...
Generated 5x5 in 0.03s - Difficulty: 175
Generating puzzle size 5x5 with 4 colors...
Generated 5x5 in 0.07s - Difficulty: 140
Generating puzzle size 5x5 with 3 colors...
Generated 5x5 in 1.39s - Difficulty: 90
Generating puzzle size 5x5 with 3 colors...
Generated 5x5 in 0.40s - Difficulty: 105
Generating puzzle size 5x5 with 3 colors...
Generated 5x5 in 0.50s - Difficulty: 105
Generating puzzle size 5x5 with 4 colors...
Generated 5x5 in 0.01s - Difficulty: 160
Generating puzzle size 5x5 with 5 colors...
Generated 5x5 in 0.01s - Difficulty: 175
Generating puzzle size 5x5 with 3 colors...
Generated 5x5 in 0.03s - Difficulty: 105
Generating puzzle size 5x5 with 4 colors...
Generated 5x5 in 0.03s - Difficulty: 140
Generating puzzle size 5x5 with 6 colors...
Generated 5x5 in 0.02s - Difficulty: 210
Generating puzzle size 5x5 with 4 colors...
Generated 5x5 in 0.06s - Difficulty: 220
Generating puzzle size 5x5 with 5 colors...
Generated 5x5 in 0.01s - Difficulty: 150
Generating puzzle size 5x5 with 6 colors...
Generated 5x5 in 0.01s - Difficulty: 150
Generating puzzle size 5x5 with 4 colors...
Generated 5x5 in 0.10s - Difficulty: 100
Generating puzzle size 5x5 with 4 colors...
Generated 5x5 in 0.01s - Difficulty: 180
Generating puzzle size 5x5 with 5 colors...
Generated 5x5 in 0.08s - Difficulty: 125
Generating puzzle size 6x6 with 6 colors...
Generated 6x6 in 0.11s - Difficulty: 468
Generating puzzle size 6x6 with 5 colors...
Generated 6x6 in 3.08s - Difficulty: 210
Generating puzzle size 6x6 with 7 colors...
Generated 6x6 in 0.05s - Difficulty: 294
Generating puzzle size 6x6 with 7 colors...
Generated 6x6 in 0.12s - Difficulty: 588
Generating puzzle size 6x6 with 6 colors...
Generated 6x6 in 1.35s - Difficulty: 360
Generating puzzle size 6x6 with 5 colors...
Generated 5x5 in 0.01s - Difficulty: 120
Generating puzzle size 5x5 with 5 colors...
Generated 5x5 in 0.02s - Difficulty: 125
Generating puzzle size 5x5 with 3 colors...
Generated 5x5 in 0.18s - Difficulty: 90
Generating puzzle size 5x5 with 6 colors...
Generated 5x5 in 0.00s - Difficulty: 210
Generating puzzle size 5x5 with 3 colors...
Generated 5x5 in 0.57s - Difficulty: 105
Generating puzzle size 5x5 with 5 colors...
Generated 5x5 in 0.04s - Difficulty: 100
Generating puzzle size 5x5 with 4 colors...
Generated 5x5 in 0.09s - Difficulty: 180
Generating puzzle size 5x5 with 5 colors...
Generated 5x5 in 0.07s - Difficulty: 125
Generating puzzle size 5x5 with 5 colors...
Generated 5x5 in 0.06s - Difficulty: 150
Generating puzzle size 5x5 with 4 colors...
Generated 5x5 in 0.12s - Difficulty: 180
Generating puzzle size 5x5 with 4 colors...
Generated 5x5 in 0.65s - Difficulty: 80
Generating puzzle size 5x5 with 4 colors...
Generated 5x5 in 0.03s - Difficulty: 200
Generating puzzle size 5x5 with 3 colors...
Generated 5x5 in 0.70s - Difficulty: 90
Generating puzzle size 5x5 with 4 colors...
Generated 5x5 in 0.05s - Difficulty: 160
Generating puzzle size 5x5 with 3 colors...
Generated 5x5 in 0.05s - Difficulty: 105
Generating puzzle size 5x5 with 3 colors...
Generated 5x5 in 0.02s - Difficulty: 105
Generating puzzle size 5x5 with 4 colors...
Generated 5x5 in 0.02s - Difficulty: 200
Generating puzzle size 5x5 with 6 colors...
Generated 5x5 in 0.01s - Difficulty: 150
Generating puzzle size 5x5 with 5 colors...
Generated 5x5 in 0.00s - Difficulty: 125
Generating puzzle size 5x5 with 3 colors...
Generated 5x5 in 0.04s - Difficulty: 90
Generating puzzle size 5x5 with 5 colors...
Generated 5x5 in 0.01s - Difficulty: 100
Generating puzzle size 5x5 with 4 colors...
Generated 5x5 in 0.05s - Difficulty: 180
Generating puzzle size 5x5 with 4 colors...
Generated 5x5 in 0.23s - Difficulty: 140
Generating puzzle size 5x5 with 5 colors...
Generated 5x5 in 0.12s - Difficulty: 150
Generating puzzle size 5x5 with 4 colors...
Generated 5x5 in 0.02s - Difficulty: 100
Generating puzzle size 5x5 with 4 colors...
Generated 5x5 in 0.07s - Difficulty: 100
Generating puzzle size 5x5 with 5 colors...
Generated 5x5 in 0.01s - Difficulty: 175
Generating puzzle size 5x5 with 3 colors...
Generated 5x5 in 0.75s - Difficulty: 105
Generating puzzle size 5x5 with 6 colors...
Generated 5x5 in 0.01s - Difficulty: 240
Generating puzzle size 5x5 with 4 colors...
Generated 5x5 in 0.03s - Difficulty: 80
Generating puzzle size 5x5 with 5 colors...
Generated 5x5 in 0.04s - Difficulty: 125
Generating puzzle size 5x5 with 6 colors...
Generated 5x5 in 0.01s - Difficulty: 150
Generating puzzle size 5x5 with 5 colors...
Generated 5x5 in 0.01s - Difficulty: 100
Generating puzzle size 5x5 with 6 colors...
Generated 5x5 in 0.01s - Difficulty: 210
Generating puzzle size 5x5 with 4 colors...
Generated 5x5 in 0.10s - Difficulty: 160
Generating puzzle size 5x5 with 6 colors...
Generated 5x5 in 0.00s - Difficulty: 240
Generating puzzle size 5x5 with 5 colors...
Generated 5x5 in 0.01s - Difficulty: 225
Generating puzzle size 5x5 with 5 colors...
Generated 5x5 in 0.03s - Difficulty: 175
Generating puzzle size 5x5 with 5 colors...
Generated 5x5 in 0.01s - Difficulty: 125
Generating puzzle size 5x5 with 6 colors...
Generated 5x5 in 0.01s - Difficulty: 150
Generating puzzle size 5x5 with 3 colors...
Generated 5x5 in 0.25s - Difficulty: 105
Generating puzzle size 5x5 with 6 colors...
Generated 5x5 in 0.01s - Difficulty: 150
Generating puzzle size 5x5 with 4 colors...
Generated 5x5 in 0.24s - Difficulty: 100
Generating puzzle size 5x5 with 4 colors...
Generated 5x5 in 0.04s - Difficulty: 120
Generating puzzle size 5x5 with 6 colors...
Generated 5x5 in 0.01s - Difficulty: 210
Generating puzzle size 5x5 with 4 colors...
Generated 5x5 in 0.09s - Difficulty: 120
Generating puzzle size 5x5 with 3 colors...
Generated 5x5 in 0.37s - Difficulty: 75
Generating puzzle size 5x5 with 6 colors...
Generated 5x5 in 0.02s - Difficulty: 90
Generating puzzle size 5x5 with 5 colors...
Generated 5x5 in 0.13s - Difficulty: 200
Generating puzzle size 5x5 with 4 colors...
Generated 5x5 in 0.11s - Difficulty: 160
Generating puzzle size 5x5 with 5 colors...
Generated 5x5 in 0.02s - Difficulty: 125
Generating puzzle size 5x5 with 4 colors...
Generated 5x5 in 0.10s - Difficulty: 140
Generating puzzle size 5x5 with 4 colors...
Generated 5x5 in 0.09s - Difficulty: 200
Generating puzzle size 5x5 with 6 colors...
Generated 5x5 in 0.02s - Difficulty: 210
Generating puzzle size 5x5 with 3 colors...
Generated 5x5 in 0.14s - Difficulty: 150
Generating puzzle size 5x5 with 5 colors...
Generated 5x5 in 0.02s - Difficulty: 175
Generating puzzle size 5x5 with 5 colors...
Generated 5x5 in 0.02s - Difficulty: 175
Generating puzzle size 5x5 with 4 colors...
Generated 5x5 in 0.25s - Difficulty: 140
Generating puzzle size 5x5 with 5 colors...
Generated 5x5 in 0.03s - Difficulty: 200
Generating puzzle size 5x5 with 3 colors...
Generated 5x5 in 0.23s - Difficulty: 120
Generating puzzle size 5x5 with 3 colors...
Generated 5x5 in 0.31s - Difficulty: 105
Generating puzzle size 5x5 with 3 colors...
Generated 5x5 in 0.26s - Difficulty: 75
Generating puzzle size 5x5 with 5 colors...
Generated 5x5 in 0.05s - Difficulty: 225
Generating puzzle size 5x5 with 4 colors...
Generated 5x5 in 0.02s - Difficulty: 200
Generating puzzle size 5x5 with 6 colors...
Generated 5x5 in 0.01s - Difficulty: 270
Generating puzzle size 5x5 with 4 colors...
Generated 5x5 in 0.25s - Difficulty: 140
Generating puzzle size 5x5 with 4 colors...
Generated 5x5 in 0.02s - Difficulty: 160
Generating puzzle size 5x5 with 4 colors...
Generated 5x5 in 0.16s - Difficulty: 120
Generating puzzle size 5x5 with 6 colors...
Generated 5x5 in 0.01s - Difficulty: 270
Generating puzzle size 5x5 with 6 colors...
Generated 5x5 in 0.02s - Difficulty: 240
Generating puzzle size 5x5 with 4 colors...
Generated 5x5 in 0.15s - Difficulty: 180
Generating puzzle size 5x5 with 3 colors...
Generated 5x5 in 0.96s - Difficulty: 90
Generating puzzle size 5x5 with 4 colors...
Generated 5x5 in 0.04s - Difficulty: 140
Generating puzzle size 5x5 with 6 colors...
Generated 5x5 in 0.03s - Difficulty: 150
Generating puzzle size 5x5 with 3 colors...
Generated 5x5 in 0.01s - Difficulty: 135
Generating puzzle size 5x5 with 4 colors...
Generated 5x5 in 0.00s - Difficulty: 100
Generating puzzle size 5x5 with 6 colors...
Generated 5x5 in 0.01s - Difficulty: 150
Generating puzzle size 5x5 with 4 colors...
Generated 5x5 in 0.17s - Difficulty: 160
Generating puzzle size 5x5 with 3 colors...
Generated 5x5 in 0.16s - Difficulty: 60
Generating puzzle size 5x5 with 5 colors...
Generated 5x5 in 0.01s - Difficulty: 175
Generating puzzle size 5x5 with 4 colors...
Generated 5x5 in 0.02s - Difficulty: 120
Generating puzzle size 5x5 with 5 colors...
Generated 5x5 in 0.05s - Difficulty: 175
Generating puzzle size 5x5 with 5 colors...
Generated 5x5 in 0.01s - Difficulty: 200
Generating puzzle size 5x5 with 5 colors...
Generated 5x5 in 0.01s - Difficulty: 200
Generating puzzle size 5x5 with 5 colors...
Generated 5x5 in 0.03s - Difficulty: 200
Generating puzzle size 5x5 with 3 colors...
Generated 5x5 in 0.06s - Difficulty: 135
Generating puzzle size 5x5 with 3 colors...
Generated 5x5 in 0.25s - Difficulty: 120
Generating puzzle size 5x5 with 3 colors...
Generated 5x5 in 1.04s - Difficulty: 120
Generating puzzle size 5x5 with 4 colors...
Generated 5x5 in 0.01s - Difficulty: 180
Generating puzzle size 5x5 with 4 colors...
Generated 5x5 in 0.04s - Difficulty: 80
Generating puzzle size 5x5 with 5 colors...
Generated 5x5 in 0.05s - Difficulty: 100
Generating puzzle size 5x5 with 3 colors...
Generated 5x5 in 1.12s - Difficulty: 105
Generating puzzle size 5x5 with 4 colors...
Generated 5x5 in 0.20s - Difficulty: 80
Generating puzzle size 5x5 with 5 colors...
Generated 5x5 in 0.01s - Difficulty: 175
Generating puzzle size 5x5 with 5 colors...
Generated 5x5 in 0.01s - Difficulty: 125
Generating puzzle size 5x5 with 3 colors...
Generated 5x5 in 1.09s - Difficulty: 90
Generating puzzle size 5x5 with 4 colors...
Generated 5x5 in 0.12s - Difficulty: 140
Generating puzzle size 5x5 with 6 colors...Generating puzzle size 5x5 with 5 colors...
Generated 5x5 in 0.03s - Difficulty: 150
Generating puzzle size 5x5 with 5 colors...
Generated 5x5 in 0.05s - Difficulty: 125
Generating puzzle size 5x5 with 3 colors...
Generated 5x5 in 0.15s - Difficulty: 75
Generating puzzle size 5x5 with 4 colors...
Generated 5x5 in 0.06s - Difficulty: 80
Generating puzzle size 5x5 with 4 colors...
Generated 5x5 in 0.01s - Difficulty: 100
Generating puzzle size 5x5 with 6 colors...
Generated 5x5 in 0.01s - Difficulty: 210
Generating puzzle size 5x5 with 4 colors...
Generated 5x5 in 0.03s - Difficulty: 160
Generating puzzle size 5x5 with 3 colors...
Generated 5x5 in 0.51s - Difficulty: 105
Generating puzzle size 5x5 with 6 colors...
Generated 5x5 in 0.00s - Difficulty: 90
Generating puzzle size 5x5 with 6 colors...
Generated 5x5 in 0.00s - Difficulty: 180
Generating puzzle size 5x5 with 6 colors...
Generated 5x5 in 0.01s - Difficulty: 210
Generating puzzle size 5x5 with 4 colors...
Generated 5x5 in 0.01s - Difficulty: 160
Generating puzzle size 5x5 with 4 colors...
Generated 5x5 in 0.08s - Difficulty: 180
Generating puzzle size 5x5 with 6 colors...
Generated 5x5 in 0.00s - Difficulty: 240
Generating puzzle size 5x5 with 6 colors...
Generated 5x5 in 0.01s - Difficulty: 120
Generating puzzle size 5x5 with 6 colors...
Generated 5x5 in 0.01s - Difficulty: 240
Generating puzzle size 5x5 with 6 colors...
Generated 5x5 in 0.02s - Difficulty: 150
Generating puzzle size 5x5 with 6 colors...
Generated 5x5 in 0.01s - Difficulty: 120
Generating puzzle size 5x5 with 4 colors...
Generated 5x5 in 0.04s - Difficulty: 140
Generating puzzle size 5x5 with 3 colors...
Generated 5x5 in 0.49s - Difficulty: 105
Generating puzzle size 5x5 with 4 colors...
Generated 5x5 in 0.25s - Difficulty: 140
Generating puzzle size 5x5 with 6 colors...
Generated 5x5 in 0.00s - Difficulty: 120
Generating puzzle size 5x5 with 4 colors...
Generated 5x5 in 0.26s - Difficulty: 120
Generating puzzle size 5x5 with 3 colors...
Generated 5x5 in 0.11s - Difficulty: 60
Generating puzzle size 5x5 with 5 colors...
Generated 5x5 in 0.02s - Difficulty: 200
Generating puzzle size 5x5 with 5 colors...
Generated 5x5 in 0.00s - Difficulty: 200
Generating puzzle size 5x5 with 6 colors...
Generated 5x5 in 0.00s - Difficulty: 210
Generating puzzle size 5x5 with 3 colors...
Generated 5x5 in 0.23s - Difficulty: 150
Generating puzzle size 5x5 with 5 colors...
Generated 5x5 in 0.01s - Difficulty: 225
Generating puzzle size 5x5 with 5 colors...
Generated 5x5 in 0.04s - Difficulty: 200
Generating puzzle size 5x5 with 6 colors...
Generated 5x5 in 0.01s - Difficulty: 150
Generating puzzle size 5x5 with 5 colors...
Generated 5x5 in 0.01s - Difficulty: 225
Generating puzzle size 5x5 with 4 colors...
Generated 5x5 in 0.07s - Difficulty: 160
Generating puzzle size 5x5 with 4 colors...
Generated 5x5 in 0.02s - Difficulty: 100
Generating puzzle size 5x5 with 3 colors...
Generated 5x5 in 0.18s - Difficulty: 150
Generating puzzle size 5x5 with 6 colors...
Generated 5x5 in 0.01s - Difficulty: 210
Generating puzzle size 5x5 with 4 colors...
Generated 5x5 in 0.03s - Difficulty: 140
Generating puzzle size 5x5 with 5 colors...
Generated 5x5 in 0.00s - Difficulty: 150
Generating puzzle size 5x5 with 3 colors...
Generated 5x5 in 0.05s - Difficulty: 105
Generating puzzle size 5x5 with 3 colors...
Generated 5x5 in 0.03s - Difficulty: 105
Generating puzzle size 5x5 with 3 colors...
Generated 5x5 in 0.45s - Difficulty: 75
Generating puzzle size 5x5 with 6 colors...
Generated 5x5 in 0.01s - Difficulty: 120
Generating puzzle size 5x5 with 4 colors...
Generated 5x5 in 0.19s - Difficulty: 180
Generating puzzle size 5x5 with 5 colors...
Generated 5x5 in 0.02s - Difficulty: 150
Generating puzzle size 5x5 with 3 colors...
Generated 5x5 in 0.58s - Difficulty: 90
Generating puzzle size 5x5 with 3 colors...
Generated 5x5 in 0.36s - Difficulty: 105
Generating puzzle size 5x5 with 4 colors...
Generated 5x5 in 0.01s - Difficulty: 120
Generating puzzle size 5x5 with 4 colors...
Generated 5x5 in 0.08s - Difficulty: 180
Generating puzzle size 5x5 with 5 colors...
Generated 5x5 in 0.05s - Difficulty: 200
Generating puzzle size 5x5 with 6 colors...
Generated 5x5 in 0.00s - Difficulty: 210
Generating puzzle size 5x5 with 3 colors...
Generated 5x5 in 0.03s - Difficulty: 120
Generating puzzle size 5x5 with 3 colors...
Generated 5x5 in 0.07s - Difficulty: 150
Generating puzzle size 5x5 with 3 colors...
Generated 5x5 in 0.69s - Difficulty: 150
Generating puzzle size 5x5 with 5 colors...
Generated 5x5 in 0.03s - Difficulty: 100
Generating puzzle size 5x5 with 4 colors...
Generated 5x5 in 0.09s - Difficulty: 140
Generating puzzle size 6x6 with 6 colors...
Generated 6x6 in 0.85s - Difficulty: 396
Generating puzzle size 6x6 with 5 colors...
Generated 6x6 in 0.45s - Difficulty: 300
Generating puzzle size 6x6 with 6 colors...
Generated 6x6 in 0.32s - Difficulty: 252
Generating puzzle size 6x6 with 7 colors...
Generated 6x6 in 0.01s - Difficulty: 378
Generating puzzle size 6x6 with 5 colors...
Generated 6x6 in 4.89s - Difficulty: 330
Generating puzzle size 6x6 with 6 colors...
Generated 6x6 in 0.43s - Difficulty: 288
Generating puzzle size 6x6 with 5 colors...
Generated 6x6 in 0.06s - Difficulty: 330
Generating puzzle size 6x6 with 4 colors...
Generated 6x6 in 5.62s - Difficulty: 288
Generating puzzle size 6x6 with 7 colors...
Generated 6x6 in 0.23s - Difficulty: 378
Generating puzzle size 6x6 with 5 colors...
Generated 6x6 in 0.54s - Difficulty: 270
Generating puzzle size 6x6 with 6 colors...
Generated 6x6 in 0.39s - Difficulty: 252
Generating puzzle size 6x6 with 6 colors...
Generated 6x6 in 0.94s - Difficulty: 396
Generating puzzle size 6x6 with 7 colors...
Generated 6x6 in 0.14s - Difficulty: 462
Generating puzzle size 6x6 with 6 colors...
Generated 6x6 in 0.36s - Difficulty: 324
Generating puzzle size 6x6 with 5 colors...
Generated 6x6 in 0.65s - Difficulty: 270
Generating puzzle size 6x6 with 4 colors...
Generated 6x6 in 2.51s - Difficulty: 216
Generating puzzle size 6x6 with 6 colors...
Generated 6x6 in 0.03s - Difficulty: 360
Generating puzzle size 6x6 with 5 colors...
Generated 6x6 in 0.75s - Difficulty: 240
Generating puzzle size 6x6 with 6 colors...
Generated 6x6 in 0.05s - Difficulty: 324
Generating puzzle size 6x6 with 7 colors...
Generated 6x6 in 0.10s - Difficulty: 546
Generating puzzle size 6x6 with 7 colors...
Generated 6x6 in 0.07s - Difficulty: 420
Generating puzzle size 6x6 with 7 colors...
Generated 6x6 in 0.09s - Difficulty: 420
Generating puzzle size 6x6 with 6 colors...
Generated 6x6 in 0.80s - Difficulty: 360
Generating puzzle size 6x6 with 7 colors...
Generated 6x6 in 0.58s - Difficulty: 420
Generating puzzle size 6x6 with 5 colors...
Generated 6x6 in 0.84s - Difficulty: 300
Generating puzzle size 6x6 with 5 colors...
Generated 6x6 in 0.39s - Difficulty: 360
Generating puzzle size 6x6 with 4 colors...
Generated 6x6 in 12.26s - Difficulty: 192
Generating puzzle size 6x6 with 7 colors...
Generated 6x6 in 0.06s - Difficulty: 462
Generating puzzle size 6x6 with 5 colors...
Generated 6x6 in 0.90s - Difficulty: 270
Generating puzzle size 6x6 with 5 colors...
Generated 6x6 in 1.98s - Difficulty: 390
Generating puzzle size 6x6 with 4 colors...
Generated 6x6 in 1.47s - Difficulty: 240
Generating puzzle size 6x6 with 5 colors...
Generated 6x6 in 0.11s - Difficulty: 360
Generating puzzle size 6x6 with 6 colors...
Generated 6x6 in 0.06s - Difficulty: 432
Generating puzzle size 6x6 with 6 colors...
Generated 6x6 in 0.08s - Difficulty: 396
Generating puzzle size 6x6 with 5 colors...
Generated 6x6 in 0.10s - Difficulty: 270
Generating puzzle size 6x6 with 5 colors...
Generated 6x6 in 0.71s - Difficulty: 360
Generating puzzle size 6x6 with 5 colors...
Generated 6x6 in 2.98s - Difficulty: 360
Generating puzzle size 6x6 with 7 colors...
Generated 6x6 in 0.02s - Difficulty: 462
Generating puzzle size 6x6 with 5 colors...
Generated 6x6 in 0.86s - Difficulty: 240
Generating puzzle size 6x6 with 7 colors...
Generated 6x6 in 0.10s - Difficulty: 294
Generating puzzle size 6x6 with 6 colors...
Generated 6x6 in 1.19s - Difficulty: 360
Generating puzzle size 6x6 with 4 colors...